#! /usr/bin/vvp
:ivl_version "10.1 (stable)";
:ivl_delay_selection "TYPICAL";
:vpi_time_precision + 0;
:vpi_module "system";
:vpi_module "vhdl_sys";
:vpi_module "v2005_math";
:vpi_module "va_math";
S_0x55e8d79990b0 .scope module, "negationpract" "negationpract" 2 1;
 .timescale 0 0;
v0x55e8d7999250_0 .var/i "b", 31 0;
    .scope S_0x55e8d79990b0;
T_0 ;
    %pushi/vec4 5, 0, 32;
    %store/vec4 v0x55e8d7999250_0, 0, 32;
    %vpi_call 2 7 "$display", "b = %b", v0x55e8d7999250_0 {0 0 0};
    %load/vec4 v0x55e8d7999250_0;
    %inv;
    %vpi_call 2 8 "$display", "b = %b", S<0,vec4,s32> {1 0 0};
    %end;
    .thread T_0;
# The file index is used to find the file name in the following table.
:file_names 3;
    "N/A";
    "<interactive>";
    "negationpract.v";
