#! /usr/bin/vvp
:ivl_version "10.1 (stable)";
:ivl_delay_selection "TYPICAL";
:vpi_time_precision + 0;
:vpi_module "system";
:vpi_module "vhdl_sys";
:vpi_module "v2005_math";
:vpi_module "va_math";
S_0x55729bfddd70 .scope module, "tb_pipeline" "tb_pipeline" 2 46;
 .timescale 0 0;
v0x55729c001a00_0 .var "fncode", 7 0;
v0x55729c001b30_0 .net "parity", 0 0, L_0x55729c004890;  1 drivers
v0x55729c001c40_0 .var "srcA", 3 0;
v0x55729c001ce0_0 .var "srcB", 3 0;
S_0x55729bfddef0 .scope module, "pc" "pipeline" 2 53, 2 1 0, S_0x55729bfddd70;
 .timescale 0 0;
    .port_info 0 /INPUT 8 "funccode"
    .port_info 1 /INPUT 4 "a"
    .port_info 2 /INPUT 4 "b"
    .port_info 3 /OUTPUT 1 "parity"
v0x55729c000f80_0 .net "EX_PARReg", 3 0, L_0x55729c004350;  1 drivers
v0x55729c001060_0 .net "IF_EXReg", 10 0, L_0x55729c001d80;  1 drivers
v0x55729c001130_0 .net "a", 3 0, v0x55729c001c40_0;  1 drivers
v0x55729c001200_0 .net "a_p", 3 0, L_0x55729c002030;  1 drivers
v0x55729c001310_0 .net "b", 3 0, v0x55729c001ce0_0;  1 drivers
v0x55729c001440_0 .net "b_p", 3 0, L_0x55729c0020d0;  1 drivers
v0x55729c001550_0 .net "funccode", 7 0, v0x55729c001a00_0;  1 drivers
v0x55729c001610_0 .net "opcode", 2 0, v0x55729bfffac0_0;  1 drivers
v0x55729c0016b0_0 .net "opcode_p", 2 0, L_0x55729c001f90;  1 drivers
v0x55729c001750_0 .net "parity", 0 0, L_0x55729c004890;  alias, 1 drivers
v0x55729c0017f0_0 .net "result", 3 0, L_0x55729c0040d0;  1 drivers
v0x55729c001890_0 .net "result_p", 3 0, L_0x55729c003690;  1 drivers
L_0x55729c001d80 .concat [ 4 4 3 0], v0x55729c001ce0_0, v0x55729c001c40_0, v0x55729bfffac0_0;
L_0x55729c004350 .concat [ 4 0 0 0], L_0x55729c0040d0;
S_0x55729bfde070 .scope module, "al" "alu" 2 21, 3 11 0, S_0x55729bfddef0;
 .timescale 0 0;
    .port_info 0 /INPUT 4 "a"
    .port_info 1 /INPUT 4 "b"
    .port_info 2 /INPUT 3 "opcode"
    .port_info 3 /OUTPUT 4 "result"
L_0x55729c002340 .functor XOR 4, L_0x55729c002030, L_0x55729c0020d0, C4<0000>, C4<0000>;
L_0x55729c0028b0 .functor OR 4, L_0x55729c002030, L_0x55729c0020d0, C4<0000>, C4<0000>;
L_0x55729c002a60 .functor AND 4, L_0x55729c002030, L_0x55729c0020d0, C4<1111>, C4<1111>;
L_0x55729c002d80 .functor OR 4, L_0x55729c002030, L_0x55729c0020d0, C4<0000>, C4<0000>;
L_0x55729c002e20 .functor NOT 4, L_0x55729c002d80, C4<0000>, C4<0000>, C4<0000>;
L_0x55729c003030 .functor AND 4, L_0x55729c002030, L_0x55729c0020d0, C4<1111>, C4<1111>;
L_0x55729c0030e0 .functor NOT 4, L_0x55729c003030, C4<0000>, C4<0000>, C4<0000>;
L_0x55729c003320 .functor XOR 4, L_0x55729c002030, L_0x55729c0020d0, C4<0000>, C4<0000>;
L_0x55729c0033e0 .functor NOT 4, L_0x55729c003320, C4<0000>, C4<0000>, C4<0000>;
L_0x7ff485600018 .functor BUFT 1, C4<000>, C4<0>, C4<0>, C4<0>;
v0x55729bfd8260_0 .net/2u *"_s0", 2 0, L_0x7ff485600018;  1 drivers
v0x55729bffd6f0_0 .net *"_s10", 3 0, L_0x55729c002570;  1 drivers
L_0x7ff4856000a8 .functor BUFT 1, C4<010>, C4<0>, C4<0>, C4<0>;
v0x55729bffd7d0_0 .net/2u *"_s12", 2 0, L_0x7ff4856000a8;  1 drivers
v0x55729bffd890_0 .net *"_s14", 0 0, L_0x55729c0026a0;  1 drivers
v0x55729bffd950_0 .net *"_s16", 3 0, L_0x55729c002340;  1 drivers
L_0x7ff4856000f0 .functor BUFT 1, C4<011>, C4<0>, C4<0>, C4<0>;
v0x55729bffda80_0 .net/2u *"_s18", 2 0, L_0x7ff4856000f0;  1 drivers
v0x55729bffdb60_0 .net *"_s2", 0 0, L_0x55729c002170;  1 drivers
v0x55729bffdc20_0 .net *"_s20", 0 0, L_0x55729c0027a0;  1 drivers
v0x55729bffdce0_0 .net *"_s22", 3 0, L_0x55729c0028b0;  1 drivers
L_0x7ff485600138 .functor BUFT 1, C4<100>, C4<0>, C4<0>, C4<0>;
v0x55729bffddc0_0 .net/2u *"_s24", 2 0, L_0x7ff485600138;  1 drivers
v0x55729bffdea0_0 .net *"_s26", 0 0, L_0x55729c002970;  1 drivers
v0x55729bffdf60_0 .net *"_s28", 3 0, L_0x55729c002a60;  1 drivers
L_0x7ff485600180 .functor BUFT 1, C4<101>, C4<0>, C4<0>, C4<0>;
v0x55729bffe040_0 .net/2u *"_s30", 2 0, L_0x7ff485600180;  1 drivers
v0x55729bffe120_0 .net *"_s32", 0 0, L_0x55729c002c10;  1 drivers
v0x55729bffe1e0_0 .net *"_s34", 3 0, L_0x55729c002d80;  1 drivers
v0x55729bffe2c0_0 .net *"_s36", 3 0, L_0x55729c002e20;  1 drivers
L_0x7ff4856001c8 .functor BUFT 1, C4<110>, C4<0>, C4<0>, C4<0>;
v0x55729bffe3a0_0 .net/2u *"_s38", 2 0, L_0x7ff4856001c8;  1 drivers
v0x55729bffe480_0 .net *"_s4", 3 0, L_0x55729c0022a0;  1 drivers
v0x55729bffe560_0 .net *"_s40", 0 0, L_0x55729c002f10;  1 drivers
v0x55729bffe620_0 .net *"_s42", 3 0, L_0x55729c003030;  1 drivers
v0x55729bffe700_0 .net *"_s44", 3 0, L_0x55729c0030e0;  1 drivers
L_0x7ff485600210 .functor BUFT 1, C4<111>, C4<0>, C4<0>, C4<0>;
v0x55729bffe7e0_0 .net/2u *"_s46", 2 0, L_0x7ff485600210;  1 drivers
v0x55729bffe8c0_0 .net *"_s48", 0 0, L_0x55729c0031a0;  1 drivers
v0x55729bffe980_0 .net *"_s50", 3 0, L_0x55729c003320;  1 drivers
v0x55729bffea60_0 .net *"_s52", 3 0, L_0x55729c0033e0;  1 drivers
L_0x7ff485600258 .functor BUFT 1, C4<0000>, C4<0>, C4<0>, C4<0>;
v0x55729bffeb40_0 .net/2u *"_s54", 3 0, L_0x7ff485600258;  1 drivers
v0x55729bffec20_0 .net *"_s56", 3 0, L_0x55729c003480;  1 drivers
v0x55729bffed00_0 .net *"_s58", 3 0, L_0x55729c0035f0;  1 drivers
L_0x7ff485600060 .functor BUFT 1, C4<001>, C4<0>, C4<0>, C4<0>;
v0x55729bffede0_0 .net/2u *"_s6", 2 0, L_0x7ff485600060;  1 drivers
v0x55729bffeec0_0 .net *"_s60", 3 0, L_0x55729c0037f0;  1 drivers
v0x55729bffefa0_0 .net *"_s62", 3 0, L_0x55729c003980;  1 drivers
v0x55729bfff080_0 .net *"_s64", 3 0, L_0x55729c003b90;  1 drivers
v0x55729bfff160_0 .net *"_s66", 3 0, L_0x55729c003d20;  1 drivers
v0x55729bfff240_0 .net *"_s68", 3 0, L_0x55729c003f40;  1 drivers
v0x55729bfff320_0 .net *"_s8", 0 0, L_0x55729c0024d0;  1 drivers
v0x55729bfff3e0_0 .net "a", 3 0, L_0x55729c002030;  alias, 1 drivers
v0x55729bfff4c0_0 .net "b", 3 0, L_0x55729c0020d0;  alias, 1 drivers
v0x55729bfff5a0_0 .net "opcode", 2 0, L_0x55729c001f90;  alias, 1 drivers
v0x55729bfff680_0 .net "result", 3 0, L_0x55729c0040d0;  alias, 1 drivers
L_0x55729c002170 .cmp/eq 3, L_0x55729c001f90, L_0x7ff485600018;
L_0x55729c0022a0 .arith/sum 4, L_0x55729c002030, L_0x55729c0020d0;
L_0x55729c0024d0 .cmp/eq 3, L_0x55729c001f90, L_0x7ff485600060;
L_0x55729c002570 .arith/sub 4, L_0x55729c002030, L_0x55729c0020d0;
L_0x55729c0026a0 .cmp/eq 3, L_0x55729c001f90, L_0x7ff4856000a8;
L_0x55729c0027a0 .cmp/eq 3, L_0x55729c001f90, L_0x7ff4856000f0;
L_0x55729c002970 .cmp/eq 3, L_0x55729c001f90, L_0x7ff485600138;
L_0x55729c002c10 .cmp/eq 3, L_0x55729c001f90, L_0x7ff485600180;
L_0x55729c002f10 .cmp/eq 3, L_0x55729c001f90, L_0x7ff4856001c8;
L_0x55729c0031a0 .cmp/eq 3, L_0x55729c001f90, L_0x7ff485600210;
L_0x55729c003480 .functor MUXZ 4, L_0x7ff485600258, L_0x55729c0033e0, L_0x55729c0031a0, C4<>;
L_0x55729c0035f0 .functor MUXZ 4, L_0x55729c003480, L_0x55729c0030e0, L_0x55729c002f10, C4<>;
L_0x55729c0037f0 .functor MUXZ 4, L_0x55729c0035f0, L_0x55729c002e20, L_0x55729c002c10, C4<>;
L_0x55729c003980 .functor MUXZ 4, L_0x55729c0037f0, L_0x55729c002a60, L_0x55729c002970, C4<>;
L_0x55729c003b90 .functor MUXZ 4, L_0x55729c003980, L_0x55729c0028b0, L_0x55729c0027a0, C4<>;
L_0x55729c003d20 .functor MUXZ 4, L_0x55729c003b90, L_0x55729c002340, L_0x55729c0026a0, C4<>;
L_0x55729c003f40 .functor MUXZ 4, L_0x55729c003d20, L_0x55729c002570, L_0x55729c0024d0, C4<>;
L_0x55729c0040d0 .functor MUXZ 4, L_0x55729c003f40, L_0x55729c0022a0, L_0x55729c002170, C4<>;
S_0x55729bfff7e0 .scope module, "e" "encoder" 2 16, 4 2 0, S_0x55729bfddef0;
 .timescale 0 0;
    .port_info 0 /INPUT 8 "funccode"
    .port_info 1 /OUTPUT 3 "opcode"
v0x55729bfff9c0_0 .net "funccode", 7 0, v0x55729c001a00_0;  alias, 1 drivers
v0x55729bfffac0_0 .var "opcode", 2 0;
E_0x55729bfc2de0 .event edge, v0x55729bfff9c0_0;
S_0x55729bfffc00 .scope module, "exp" "exparser" 2 24, 5 1 0, S_0x55729bfddef0;
 .timescale 0 0;
    .port_info 0 /INPUT 4 "register"
    .port_info 1 /OUTPUT 4 "result"
L_0x55729c003690 .functor BUFZ 4, L_0x55729c004350, C4<0000>, C4<0000>, C4<0000>;
v0x55729bfffdd0_0 .net "register", 3 0, L_0x55729c004350;  alias, 1 drivers
v0x55729bfffeb0_0 .net "result", 3 0, L_0x55729c003690;  alias, 1 drivers
S_0x55729bfffff0 .scope module, "g" "generator" 2 26, 6 1 0, S_0x55729bfddef0;
 .timescale 0 0;
    .port_info 0 /INPUT 4 "result"
    .port_info 1 /OUTPUT 1 "parity"
L_0x55729c004580 .functor XOR 1, L_0x55729c004440, L_0x55729c0044e0, C4<0>, C4<0>;
L_0x55729c0046e0 .functor XOR 1, L_0x55729c004580, L_0x55729c004640, C4<0>, C4<0>;
L_0x55729c004890 .functor XOR 1, L_0x55729c0046e0, L_0x55729c0047f0, C4<0>, C4<0>;
v0x55729c0001c0_0 .net *"_s1", 0 0, L_0x55729c004440;  1 drivers
v0x55729c0002c0_0 .net *"_s11", 0 0, L_0x55729c0047f0;  1 drivers
v0x55729c0003a0_0 .net *"_s3", 0 0, L_0x55729c0044e0;  1 drivers
v0x55729c000460_0 .net *"_s4", 0 0, L_0x55729c004580;  1 drivers
v0x55729c000540_0 .net *"_s7", 0 0, L_0x55729c004640;  1 drivers
v0x55729c000670_0 .net *"_s8", 0 0, L_0x55729c0046e0;  1 drivers
v0x55729c000750_0 .net "parity", 0 0, L_0x55729c004890;  alias, 1 drivers
v0x55729c000810_0 .net "result", 3 0, L_0x55729c003690;  alias, 1 drivers
L_0x55729c004440 .part L_0x55729c003690, 0, 1;
L_0x55729c0044e0 .part L_0x55729c003690, 1, 1;
L_0x55729c004640 .part L_0x55729c003690, 2, 1;
L_0x55729c0047f0 .part L_0x55729c003690, 3, 1;
S_0x55729c000910 .scope module, "ifp" "ifparser" 2 19, 7 1 0, S_0x55729bfddef0;
 .timescale 0 0;
    .port_info 0 /INPUT 11 "register"
    .port_info 1 /OUTPUT 3 "opcode"
    .port_info 2 /OUTPUT 4 "a"
    .port_info 3 /OUTPUT 4 "b"
v0x55729c000ba0_0 .net "a", 3 0, L_0x55729c002030;  alias, 1 drivers
v0x55729c000c60_0 .net "b", 3 0, L_0x55729c0020d0;  alias, 1 drivers
v0x55729c000d30_0 .net "opcode", 2 0, L_0x55729c001f90;  alias, 1 drivers
v0x55729c000e30_0 .net "register", 10 0, L_0x55729c001d80;  alias, 1 drivers
L_0x55729c001f90 .part L_0x55729c001d80, 8, 3;
L_0x55729c002030 .part L_0x55729c001d80, 4, 4;
L_0x55729c0020d0 .part L_0x55729c001d80, 0, 4;
    .scope S_0x55729bfff7e0;
T_0 ;
    %wait E_0x55729bfc2de0;
    %load/vec4 v0x55729bfff9c0_0;
    %dup/vec4;
    %pushi/vec4 1, 0, 8;
    %cmp/u;
    %jmp/1 T_0.0, 6;
    %dup/vec4;
    %pushi/vec4 2, 0, 8;
    %cmp/u;
    %jmp/1 T_0.1, 6;
    %dup/vec4;
    %pushi/vec4 4, 0, 8;
    %cmp/u;
    %jmp/1 T_0.2, 6;
    %dup/vec4;
    %pushi/vec4 8, 0, 8;
    %cmp/u;
    %jmp/1 T_0.3, 6;
    %dup/vec4;
    %pushi/vec4 16, 0, 8;
    %cmp/u;
    %jmp/1 T_0.4, 6;
    %dup/vec4;
    %pushi/vec4 32, 0, 8;
    %cmp/u;
    %jmp/1 T_0.5, 6;
    %dup/vec4;
    %pushi/vec4 64, 0, 8;
    %cmp/u;
    %jmp/1 T_0.6, 6;
    %dup/vec4;
    %pushi/vec4 128, 0, 8;
    %cmp/u;
    %jmp/1 T_0.7, 6;
    %jmp T_0.8;
T_0.0 ;
    %pushi/vec4 0, 0, 3;
    %store/vec4 v0x55729bfffac0_0, 0, 3;
    %jmp T_0.8;
T_0.1 ;
    %pushi/vec4 1, 0, 3;
    %store/vec4 v0x55729bfffac0_0, 0, 3;
    %jmp T_0.8;
T_0.2 ;
    %pushi/vec4 2, 0, 3;
    %store/vec4 v0x55729bfffac0_0, 0, 3;
    %jmp T_0.8;
T_0.3 ;
    %pushi/vec4 3, 0, 3;
    %store/vec4 v0x55729bfffac0_0, 0, 3;
    %jmp T_0.8;
T_0.4 ;
    %pushi/vec4 4, 0, 3;
    %store/vec4 v0x55729bfffac0_0, 0, 3;
    %jmp T_0.8;
T_0.5 ;
    %pushi/vec4 5, 0, 3;
    %store/vec4 v0x55729bfffac0_0, 0, 3;
    %jmp T_0.8;
T_0.6 ;
    %pushi/vec4 6, 0, 3;
    %store/vec4 v0x55729bfffac0_0, 0, 3;
    %jmp T_0.8;
T_0.7 ;
    %pushi/vec4 7, 0, 3;
    %store/vec4 v0x55729bfffac0_0, 0, 3;
    %jmp T_0.8;
T_0.8 ;
    %pop/vec4 1;
    %jmp T_0;
    .thread T_0, $push;
    .scope S_0x55729bfddd70;
T_1 ;
    %pushi/vec4 1, 0, 8;
    %store/vec4 v0x55729c001a00_0, 0, 8;
    %pushi/vec4 1, 0, 4;
    %store/vec4 v0x55729c001c40_0, 0, 4;
    %pushi/vec4 1, 0, 4;
    %store/vec4 v0x55729c001ce0_0, 0, 4;
    %delay 100, 0;
    %pushi/vec4 2, 0, 8;
    %store/vec4 v0x55729c001a00_0, 0, 8;
    %delay 200, 0;
    %pushi/vec4 4, 0, 8;
    %store/vec4 v0x55729c001a00_0, 0, 8;
    %delay 300, 0;
    %pushi/vec4 8, 0, 8;
    %store/vec4 v0x55729c001a00_0, 0, 8;
    %delay 400, 0;
    %pushi/vec4 16, 0, 8;
    %store/vec4 v0x55729c001a00_0, 0, 8;
    %delay 500, 0;
    %pushi/vec4 32, 0, 8;
    %store/vec4 v0x55729c001a00_0, 0, 8;
    %delay 600, 0;
    %pushi/vec4 64, 0, 8;
    %store/vec4 v0x55729c001a00_0, 0, 8;
    %delay 700, 0;
    %pushi/vec4 128, 0, 8;
    %store/vec4 v0x55729c001a00_0, 0, 8;
    %delay 10, 0;
    %vpi_call 2 69 "$display", "\000" {0 0 0};
    %delay 100, 0;
    %pushi/vec4 1, 0, 8;
    %store/vec4 v0x55729c001a00_0, 0, 8;
    %pushi/vec4 5, 0, 4;
    %store/vec4 v0x55729c001c40_0, 0, 4;
    %pushi/vec4 10, 0, 4;
    %store/vec4 v0x55729c001ce0_0, 0, 4;
    %delay 100, 0;
    %pushi/vec4 2, 0, 8;
    %store/vec4 v0x55729c001a00_0, 0, 8;
    %delay 200, 0;
    %pushi/vec4 4, 0, 8;
    %store/vec4 v0x55729c001a00_0, 0, 8;
    %delay 300, 0;
    %pushi/vec4 8, 0, 8;
    %store/vec4 v0x55729c001a00_0, 0, 8;
    %delay 400, 0;
    %pushi/vec4 16, 0, 8;
    %store/vec4 v0x55729c001a00_0, 0, 8;
    %delay 500, 0;
    %pushi/vec4 32, 0, 8;
    %store/vec4 v0x55729c001a00_0, 0, 8;
    %delay 600, 0;
    %pushi/vec4 64, 0, 8;
    %store/vec4 v0x55729c001a00_0, 0, 8;
    %delay 700, 0;
    %pushi/vec4 128, 0, 8;
    %store/vec4 v0x55729c001a00_0, 0, 8;
    %end;
    .thread T_1;
    .scope S_0x55729bfddd70;
T_2 ;
    %vpi_call 2 85 "$monitor", "fncode : %b ", v0x55729c001a00_0, " srcA: %b ", v0x55729c001c40_0, " srcB: %b ", v0x55729c001ce0_0, " aluOut: %b ", v0x55729c0017f0_0, " parity: %b ", v0x55729c001b30_0 {0 0 0};
    %end;
    .thread T_2;
# The file index is used to find the file name in the following table.
:file_names 8;
    "N/A";
    "<interactive>";
    "pipeline.v";
    "alu.v";
    "encoder.v";
    "exparser.v";
    "generator.v";
    "ifparser.v";
