#! /usr/bin/vvp
:ivl_version "10.1 (stable)";
:ivl_delay_selection "TYPICAL";
:vpi_time_precision + 0;
:vpi_module "system";
:vpi_module "vhdl_sys";
:vpi_module "v2005_math";
:vpi_module "va_math";
S_0x5586882aa060 .scope module, "testbench" "testbench" 2 1;
 .timescale 0 0;
v0x5586882ca8a0_0 .var "a", 0 0;
v0x5586882ca960_0 .var "b", 0 0;
v0x5586882caa30_0 .net "f", 0 0, L_0x5586882caec0;  1 drivers
v0x5586882cab30_0 .var "s", 0 0;
S_0x5586882aa1e0 .scope module, "m1" "mux2to1_gate" 2 4, 3 1 0, S_0x5586882aa060;
 .timescale 0 0;
    .port_info 0 /INPUT 1 "a"
    .port_info 1 /INPUT 1 "b"
    .port_info 2 /INPUT 1 "s"
    .port_info 3 /OUTPUT 1 "f"
L_0x5586882cac00 .functor NOT 1, v0x5586882cab30_0, C4<0>, C4<0>, C4<0>;
L_0x5586882cacf0 .functor AND 1, v0x5586882ca8a0_0, v0x5586882cab30_0, C4<1>, C4<1>;
L_0x5586882cadb0 .functor AND 1, v0x5586882ca960_0, L_0x5586882cac00, C4<1>, C4<1>;
L_0x5586882caec0 .functor OR 1, L_0x5586882cacf0, L_0x5586882cadb0, C4<0>, C4<0>;
v0x5586882aa420_0 .net "a", 0 0, v0x5586882ca8a0_0;  1 drivers
v0x5586882ca340_0 .net "b", 0 0, v0x5586882ca960_0;  1 drivers
v0x5586882ca400_0 .net "c", 0 0, L_0x5586882cacf0;  1 drivers
v0x5586882ca4d0_0 .net "d", 0 0, L_0x5586882cadb0;  1 drivers
v0x5586882ca590_0 .net "e", 0 0, L_0x5586882cac00;  1 drivers
v0x5586882ca6a0_0 .net "f", 0 0, L_0x5586882caec0;  alias, 1 drivers
v0x5586882ca760_0 .net "s", 0 0, v0x5586882cab30_0;  1 drivers
    .scope S_0x5586882aa060;
T_0 ;
    %vpi_call 2 8 "$dumpfile", "testbench.vcd" {0 0 0};
    %vpi_call 2 9 "$dumpvars", 32'sb00000000000000000000000000000000, S_0x5586882aa060 {0 0 0};
    %vpi_call 2 10 "$monitor", " ", $time, " a=%b, b=%b, s=%b f=%b", v0x5586882ca8a0_0, v0x5586882ca960_0, v0x5586882cab30_0, v0x5586882caa30_0 {0 0 0};
    %delay 0, 0;
    %pushi/vec4 0, 0, 1;
    %store/vec4 v0x5586882ca8a0_0, 0, 1;
    %pushi/vec4 1, 0, 1;
    %store/vec4 v0x5586882ca960_0, 0, 1;
    %delay 2, 0;
    %pushi/vec4 1, 0, 1;
    %store/vec4 v0x5586882cab30_0, 0, 1;
    %delay 5, 0;
    %pushi/vec4 0, 0, 1;
    %store/vec4 v0x5586882cab30_0, 0, 1;
    %delay 10, 0;
    %pushi/vec4 1, 0, 1;
    %store/vec4 v0x5586882ca8a0_0, 0, 1;
    %pushi/vec4 0, 0, 1;
    %store/vec4 v0x5586882ca960_0, 0, 1;
    %delay 15, 0;
    %pushi/vec4 1, 0, 1;
    %store/vec4 v0x5586882cab30_0, 0, 1;
    %delay 20, 0;
    %pushi/vec4 0, 0, 1;
    %store/vec4 v0x5586882cab30_0, 0, 1;
    %delay 100, 0;
    %vpi_call 2 17 "$finish" {0 0 0};
    %end;
    .thread T_0;
# The file index is used to find the file name in the following table.
:file_names 4;
    "N/A";
    "<interactive>";
    "testbench.v";
    "mux2to1_gate.v";
