#! /usr/bin/vvp
:ivl_version "10.1 (stable)";
:ivl_delay_selection "TYPICAL";
:vpi_time_precision + 0;
:vpi_module "system";
:vpi_module "vhdl_sys";
:vpi_module "v2005_math";
:vpi_module "va_math";
S_0x5593d738ff00 .scope module, "tbALU" "tbALU" 2 24;
 .timescale 0 0;
v0x5593d73f2300_0 .var "Binvert", 0 0;
v0x5593d73f23c0_0 .net "CarryOut", 0 0, L_0x5593d73f2c40;  1 drivers
v0x5593d73f24b0_0 .var "Carryin", 0 0;
v0x5593d73f25a0_0 .var "Operation", 1 0;
v0x5593d73f2640_0 .net "Result", 31 0, L_0x5593d74059a0;  1 drivers
v0x5593d73f2730_0 .var "a", 31 0;
v0x5593d73f2860_0 .var "b", 31 0;
S_0x5593d738d430 .scope module, "alu" "ALU" 2 31, 2 1 0, S_0x5593d738ff00;
 .timescale 0 0;
    .port_info 0 /INPUT 32 "a"
    .port_info 1 /INPUT 32 "b"
    .port_info 2 /INPUT 1 "binvert"
    .port_info 3 /INPUT 1 "cin"
    .port_info 4 /INPUT 2 "op"
    .port_info 5 /OUTPUT 32 "res"
    .port_info 6 /OUTPUT 1 "cout"
L_0x5593d736dc50 .functor NOT 32, v0x5593d73f2860_0, C4<00000000000000000000000000000000>, C4<00000000000000000000000000000000>, C4<00000000000000000000000000000000>;
L_0x5593d74059a0 .functor BUFZ 32, L_0x5593d74093e0, C4<00000000000000000000000000000000>, C4<00000000000000000000000000000000>, C4<00000000000000000000000000000000>;
v0x5593d73f16f0_0 .net *"_s0", 31 0, L_0x5593d736dc50;  1 drivers
v0x5593d73f17f0_0 .net "a", 31 0, v0x5593d73f2730_0;  1 drivers
v0x5593d73f18b0_0 .net "b", 31 0, v0x5593d73f2860_0;  1 drivers
v0x5593d73f1970_0 .net "binvert", 0 0, v0x5593d73f2300_0;  1 drivers
v0x5593d73f1a30_0 .net "bnew", 31 0, L_0x5593d73f2920;  1 drivers
v0x5593d73f1b40_0 .net "cin", 0 0, v0x5593d73f24b0_0;  1 drivers
v0x5593d73f1be0_0 .net "cout", 0 0, L_0x5593d73f2c40;  alias, 1 drivers
v0x5593d73f1cb0_0 .net "in1", 31 0, L_0x5593d73f2ae0;  1 drivers
v0x5593d73f1da0_0 .net "in2", 31 0, L_0x5593d73f2b90;  1 drivers
v0x5593d73f1ed0_0 .net "in3", 31 0, L_0x5593d73f2ce0;  1 drivers
v0x5593d73f1fe0_0 .net "op", 1 0, v0x5593d73f25a0_0;  1 drivers
v0x5593d73f20a0_0 .net "out", 31 0, L_0x5593d74093e0;  1 drivers
v0x5593d73f2160_0 .net "res", 31 0, L_0x5593d74059a0;  alias, 1 drivers
L_0x5593d73f2920 .functor MUXZ 32, v0x5593d73f2860_0, L_0x5593d736dc50, v0x5593d73f2300_0, C4<>;
S_0x5593d73c26f0 .scope module, "badd" "bit32adder" 2 17, 3 1 0, S_0x5593d738d430;
 .timescale 0 0;
    .port_info 0 /OUTPUT 1 "cout"
    .port_info 1 /OUTPUT 32 "sum"
    .port_info 2 /INPUT 32 "in1"
    .port_info 3 /INPUT 32 "in2"
    .port_info 4 /INPUT 1 "cin"
L_0x7f4d97fc5060 .functor BUFT 1, C4<0>, C4<0>, C4<0>, C4<0>;
v0x5593d73a8190_0 .net *"_s10", 0 0, L_0x7f4d97fc5060;  1 drivers
v0x5593d739d650_0 .net *"_s11", 32 0, L_0x5593d73f3000;  1 drivers
v0x5593d73a0120_0 .net *"_s13", 32 0, L_0x5593d73f31b0;  1 drivers
L_0x7f4d97fc50a8 .functor BUFT 1, C4<00000000000000000000000000000000>, C4<0>, C4<0>, C4<0>;
v0x5593d7377ef0_0 .net *"_s16", 31 0, L_0x7f4d97fc50a8;  1 drivers
v0x5593d7375420_0 .net *"_s17", 32 0, L_0x5593d74032f0;  1 drivers
v0x5593d7372950_0 .net *"_s3", 32 0, L_0x5593d73f2dd0;  1 drivers
L_0x7f4d97fc5018 .functor BUFT 1, C4<0>, C4<0>, C4<0>, C4<0>;
v0x5593d736fc80_0 .net *"_s6", 0 0, L_0x7f4d97fc5018;  1 drivers
v0x5593d73d2a60_0 .net *"_s7", 32 0, L_0x5593d73f2ee0;  1 drivers
v0x5593d73d2b40_0 .net "cin", 0 0, v0x5593d73f24b0_0;  alias, 1 drivers
v0x5593d73d2c00_0 .net "cout", 0 0, L_0x5593d73f2c40;  alias, 1 drivers
v0x5593d73d2cc0_0 .net "in1", 31 0, v0x5593d73f2730_0;  alias, 1 drivers
v0x5593d73d2da0_0 .net "in2", 31 0, L_0x5593d73f2920;  alias, 1 drivers
v0x5593d73d2e80_0 .net "sum", 31 0, L_0x5593d73f2ce0;  alias, 1 drivers
L_0x5593d73f2c40 .part L_0x5593d74032f0, 32, 1;
L_0x5593d73f2ce0 .part L_0x5593d74032f0, 0, 32;
L_0x5593d73f2dd0 .concat [ 32 1 0 0], v0x5593d73f2730_0, L_0x7f4d97fc5018;
L_0x5593d73f2ee0 .concat [ 32 1 0 0], L_0x5593d73f2920, L_0x7f4d97fc5060;
L_0x5593d73f3000 .arith/sum 33, L_0x5593d73f2dd0, L_0x5593d73f2ee0;
L_0x5593d73f31b0 .concat [ 1 32 0 0], v0x5593d73f24b0_0, L_0x7f4d97fc50a8;
L_0x5593d74032f0 .arith/sum 33, L_0x5593d73f3000, L_0x5593d73f31b0;
S_0x5593d73d3000 .scope module, "band" "bit32AND" 2 13, 4 1 0, S_0x5593d738d430;
 .timescale 0 0;
    .port_info 0 /OUTPUT 32 "out"
    .port_info 1 /INPUT 32 "in1"
    .port_info 2 /INPUT 32 "in2"
L_0x5593d73f2ae0 .functor AND 32, v0x5593d73f2730_0, L_0x5593d73f2920, C4<11111111111111111111111111111111>, C4<11111111111111111111111111111111>;
v0x5593d73d31a0_0 .net "in1", 31 0, v0x5593d73f2730_0;  alias, 1 drivers
v0x5593d73d3280_0 .net "in2", 31 0, L_0x5593d73f2920;  alias, 1 drivers
v0x5593d73d3320_0 .net "out", 31 0, L_0x5593d73f2ae0;  alias, 1 drivers
S_0x5593d73d3440 .scope module, "bor" "bit32or" 2 15, 5 1 0, S_0x5593d738d430;
 .timescale 0 0;
    .port_info 0 /OUTPUT 32 "out"
    .port_info 1 /INPUT 32 "in1"
    .port_info 2 /INPUT 32 "in2"
L_0x5593d73f2b90 .functor OR 32, v0x5593d73f2730_0, L_0x5593d73f2920, C4<00000000000000000000000000000000>, C4<00000000000000000000000000000000>;
v0x5593d73d35c0_0 .net "in1", 31 0, v0x5593d73f2730_0;  alias, 1 drivers
v0x5593d73d3680_0 .net "in2", 31 0, L_0x5593d73f2920;  alias, 1 drivers
v0x5593d73d3740_0 .net "out", 31 0, L_0x5593d73f2b90;  alias, 1 drivers
S_0x5593d73d3880 .scope module, "mux2" "bit32_3to1mux" 2 19, 6 9 0, S_0x5593d738d430;
 .timescale 0 0;
    .port_info 0 /OUTPUT 32 "out"
    .port_info 1 /INPUT 2 "sel"
    .port_info 2 /INPUT 32 "in1"
    .port_info 3 /INPUT 32 "in2"
    .port_info 4 /INPUT 32 "in3"
v0x5593d73f0e30_0 .net "in1", 31 0, L_0x5593d73f2ae0;  alias, 1 drivers
v0x5593d73f0f10_0 .net "in2", 31 0, L_0x5593d73f2b90;  alias, 1 drivers
v0x5593d73f0fe0_0 .net "in3", 31 0, L_0x5593d73f2ce0;  alias, 1 drivers
v0x5593d73f10e0_0 .net "out", 31 0, L_0x5593d74093e0;  alias, 1 drivers
v0x5593d73f1180_0 .net "sel", 1 0, v0x5593d73f25a0_0;  alias, 1 drivers
L_0x5593d7403b30 .part L_0x5593d73f2ae0, 0, 1;
L_0x5593d7403cb0 .part L_0x5593d73f2b90, 0, 1;
L_0x5593d7403de0 .part L_0x5593d73f2ce0, 0, 1;
L_0x5593d74044a0 .part L_0x5593d73f2ae0, 1, 1;
L_0x5593d74045c0 .part L_0x5593d73f2b90, 1, 1;
L_0x5593d74046b0 .part L_0x5593d73f2ce0, 1, 1;
L_0x5593d7404dc0 .part L_0x5593d73f2ae0, 2, 1;
L_0x5593d7404eb0 .part L_0x5593d73f2b90, 2, 1;
L_0x5593d7404ff0 .part L_0x5593d73f2ce0, 2, 1;
L_0x5593d74056c0 .part L_0x5593d73f2ae0, 3, 1;
L_0x5593d7405810 .part L_0x5593d73f2b90, 3, 1;
L_0x5593d74058b0 .part L_0x5593d73f2ce0, 3, 1;
L_0x5593d7405ff0 .part L_0x5593d73f2ae0, 4, 1;
L_0x5593d74060e0 .part L_0x5593d73f2b90, 4, 1;
L_0x5593d7406360 .part L_0x5593d73f2ce0, 4, 1;
L_0x5593d7406b40 .part L_0x5593d73f2ae0, 5, 1;
L_0x5593d7406cc0 .part L_0x5593d73f2b90, 5, 1;
L_0x5593d7406db0 .part L_0x5593d73f2ce0, 5, 1;
L_0x5593d7407520 .part L_0x5593d73f2ae0, 6, 1;
L_0x5593d7407610 .part L_0x5593d73f2b90, 6, 1;
L_0x5593d7406ea0 .part L_0x5593d73f2ce0, 6, 1;
L_0x5593d7407de0 .part L_0x5593d73f2ae0, 7, 1;
L_0x5593d7407f90 .part L_0x5593d73f2b90, 7, 1;
L_0x5593d7408080 .part L_0x5593d73f2ce0, 7, 1;
L_0x5593d7408820 .part L_0x5593d73f2ae0, 8, 1;
L_0x5593d7408910 .part L_0x5593d73f2b90, 8, 1;
L_0x5593d7408ae0 .part L_0x5593d73f2ce0, 8, 1;
L_0x5593d74099c0 .part L_0x5593d73f2ae0, 9, 1;
L_0x5593d7409ba0 .part L_0x5593d73f2b90, 9, 1;
L_0x5593d7409c90 .part L_0x5593d73f2ce0, 9, 1;
L_0x5593d740a460 .part L_0x5593d73f2ae0, 10, 1;
L_0x5593d740a550 .part L_0x5593d73f2b90, 10, 1;
L_0x5593d740a750 .part L_0x5593d73f2ce0, 10, 1;
L_0x5593d740ae20 .part L_0x5593d73f2ae0, 11, 1;
L_0x5593d740b030 .part L_0x5593d73f2b90, 11, 1;
L_0x5593d740b120 .part L_0x5593d73f2ce0, 11, 1;
L_0x5593d740b830 .part L_0x5593d73f2ae0, 12, 1;
L_0x5593d740b920 .part L_0x5593d73f2b90, 12, 1;
L_0x5593d740bd60 .part L_0x5593d73f2ce0, 12, 1;
L_0x5593d740c640 .part L_0x5593d73f2ae0, 13, 1;
L_0x5593d740c880 .part L_0x5593d73f2b90, 13, 1;
L_0x5593d740c970 .part L_0x5593d73f2ce0, 13, 1;
L_0x5593d740d1a0 .part L_0x5593d73f2ae0, 14, 1;
L_0x5593d740d290 .part L_0x5593d73f2b90, 14, 1;
L_0x5593d740d4f0 .part L_0x5593d73f2ce0, 14, 1;
L_0x5593d740dbc0 .part L_0x5593d73f2ae0, 15, 1;
L_0x5593d740de30 .part L_0x5593d73f2b90, 15, 1;
L_0x5593d740df20 .part L_0x5593d73f2ce0, 15, 1;
L_0x5593d740e780 .part L_0x5593d73f2ae0, 16, 1;
L_0x5593d740e870 .part L_0x5593d73f2b90, 16, 1;
L_0x5593d740eb00 .part L_0x5593d73f2ce0, 16, 1;
L_0x5593d740f1d0 .part L_0x5593d73f2ae0, 17, 1;
L_0x5593d740f470 .part L_0x5593d73f2b90, 17, 1;
L_0x5593d740f560 .part L_0x5593d73f2ce0, 17, 1;
L_0x5593d740fdf0 .part L_0x5593d73f2ae0, 18, 1;
L_0x5593d740fee0 .part L_0x5593d73f2b90, 18, 1;
L_0x5593d74101a0 .part L_0x5593d73f2ce0, 18, 1;
L_0x5593d7410870 .part L_0x5593d73f2ae0, 19, 1;
L_0x5593d7410b40 .part L_0x5593d73f2b90, 19, 1;
L_0x5593d7410c30 .part L_0x5593d73f2ce0, 19, 1;
L_0x5593d74114f0 .part L_0x5593d73f2ae0, 20, 1;
L_0x5593d74115e0 .part L_0x5593d73f2b90, 20, 1;
L_0x5593d74118d0 .part L_0x5593d73f2ce0, 20, 1;
L_0x5593d7411fa0 .part L_0x5593d73f2ae0, 21, 1;
L_0x5593d74122a0 .part L_0x5593d73f2b90, 21, 1;
L_0x5593d7412390 .part L_0x5593d73f2ce0, 21, 1;
L_0x5593d7412c80 .part L_0x5593d73f2ae0, 22, 1;
L_0x5593d7412d70 .part L_0x5593d73f2b90, 22, 1;
L_0x5593d7413090 .part L_0x5593d73f2ce0, 22, 1;
L_0x5593d7413760 .part L_0x5593d73f2ae0, 23, 1;
L_0x5593d7413a90 .part L_0x5593d73f2b90, 23, 1;
L_0x5593d7413b80 .part L_0x5593d73f2ce0, 23, 1;
L_0x5593d74144a0 .part L_0x5593d73f2ae0, 24, 1;
L_0x5593d7414590 .part L_0x5593d73f2b90, 24, 1;
L_0x5593d74148e0 .part L_0x5593d73f2ce0, 24, 1;
L_0x5593d7414fb0 .part L_0x5593d73f2ae0, 25, 1;
L_0x5593d7415310 .part L_0x5593d73f2b90, 25, 1;
L_0x5593d7415400 .part L_0x5593d73f2ce0, 25, 1;
L_0x5593d7415d50 .part L_0x5593d73f2ae0, 26, 1;
L_0x5593d7415e40 .part L_0x5593d73f2b90, 26, 1;
L_0x5593d74161c0 .part L_0x5593d73f2ce0, 26, 1;
L_0x5593d7416890 .part L_0x5593d73f2ae0, 27, 1;
L_0x5593d7416c20 .part L_0x5593d73f2b90, 27, 1;
L_0x5593d7416d10 .part L_0x5593d73f2ce0, 27, 1;
L_0x5593d7417690 .part L_0x5593d73f2ae0, 28, 1;
L_0x5593d7417780 .part L_0x5593d73f2b90, 28, 1;
L_0x5593d7417f40 .part L_0x5593d73f2ce0, 28, 1;
L_0x5593d7418a20 .part L_0x5593d73f2ae0, 29, 1;
L_0x5593d7418de0 .part L_0x5593d73f2b90, 29, 1;
L_0x5593d7418ed0 .part L_0x5593d73f2ce0, 29, 1;
L_0x5593d7419880 .part L_0x5593d73f2ae0, 30, 1;
L_0x5593d7419970 .part L_0x5593d73f2b90, 30, 1;
L_0x5593d7419d50 .part L_0x5593d73f2ce0, 30, 1;
LS_0x5593d74093e0_0_0 .concat8 [ 1 1 1 1], L_0x5593d7403910, L_0x5593d7404280, L_0x5593d7404ba0, L_0x5593d74054a0;
LS_0x5593d74093e0_0_4 .concat8 [ 1 1 1 1], L_0x5593d7405dd0, L_0x5593d7406920, L_0x5593d7407300, L_0x5593d7407bc0;
LS_0x5593d74093e0_0_8 .concat8 [ 1 1 1 1], L_0x5593d7408600, L_0x5593d74097a0, L_0x5593d740a240, L_0x5593d740ac00;
LS_0x5593d74093e0_0_12 .concat8 [ 1 1 1 1], L_0x5593d740b610, L_0x5593d740c420, L_0x5593d740cf80, L_0x5593d740d9a0;
LS_0x5593d74093e0_0_16 .concat8 [ 1 1 1 1], L_0x5593d740e560, L_0x5593d740efb0, L_0x5593d740fbd0, L_0x5593d7410650;
LS_0x5593d74093e0_0_20 .concat8 [ 1 1 1 1], L_0x5593d74112d0, L_0x5593d7411d80, L_0x5593d7412a60, L_0x5593d7413540;
LS_0x5593d74093e0_0_24 .concat8 [ 1 1 1 1], L_0x5593d7414280, L_0x5593d7414d90, L_0x5593d7415b30, L_0x5593d7416670;
LS_0x5593d74093e0_0_28 .concat8 [ 1 1 1 1], L_0x5593d7417470, L_0x5593d7418800, L_0x5593d7419660, L_0x5593d74091c0;
LS_0x5593d74093e0_1_0 .concat8 [ 4 4 4 4], LS_0x5593d74093e0_0_0, LS_0x5593d74093e0_0_4, LS_0x5593d74093e0_0_8, LS_0x5593d74093e0_0_12;
LS_0x5593d74093e0_1_4 .concat8 [ 4 4 4 4], LS_0x5593d74093e0_0_16, LS_0x5593d74093e0_0_20, LS_0x5593d74093e0_0_24, LS_0x5593d74093e0_0_28;
L_0x5593d74093e0 .concat8 [ 16 16 0 0], LS_0x5593d74093e0_1_0, LS_0x5593d74093e0_1_4;
L_0x5593d74094d0 .part L_0x5593d73f2ae0, 31, 1;
L_0x5593d74095c0 .part L_0x5593d73f2b90, 31, 1;
L_0x5593d741b200 .part L_0x5593d73f2ce0, 31, 1;
S_0x5593d73d3a50 .scope generate, "mux_loop[0]" "mux_loop[0]" 6 15, 6 15 0, S_0x5593d73d3880;
 .timescale 0 0;
P_0x5593d73d3c40 .param/l "j" 0 6 15, +C4<00>;
S_0x5593d73d3d20 .scope module, "m" "mux3to1" 6 16, 6 1 0, S_0x5593d73d3a50;
 .timescale 0 0;
    .port_info 0 /OUTPUT 1 "out"
    .port_info 1 /INPUT 2 "sel"
    .port_info 2 /INPUT 1 "in1"
    .port_info 3 /INPUT 1 "in2"
    .port_info 4 /INPUT 1 "in3"
v0x5593d73d3f20_0 .net *"_s1", 0 0, L_0x5593d7403430;  1 drivers
v0x5593d73d4020_0 .net *"_s3", 0 0, L_0x5593d74034d0;  1 drivers
v0x5593d73d4100_0 .net *"_s4", 0 0, L_0x5593d7403570;  1 drivers
v0x5593d73d41f0_0 .net *"_s7", 0 0, L_0x5593d74036c0;  1 drivers
v0x5593d73d42d0_0 .net *"_s8", 0 0, L_0x5593d74037c0;  1 drivers
v0x5593d73d4400_0 .net "in1", 0 0, L_0x5593d7403b30;  1 drivers
v0x5593d73d44c0_0 .net "in2", 0 0, L_0x5593d7403cb0;  1 drivers
v0x5593d73d4580_0 .net "in3", 0 0, L_0x5593d7403de0;  1 drivers
v0x5593d73d4640_0 .net "out", 0 0, L_0x5593d7403910;  1 drivers
v0x5593d73d4790_0 .net "sel", 1 0, v0x5593d73f25a0_0;  alias, 1 drivers
L_0x5593d7403430 .part v0x5593d73f25a0_0, 1, 1;
L_0x5593d74034d0 .part v0x5593d73f25a0_0, 0, 1;
L_0x5593d7403570 .functor MUXZ 1, L_0x5593d7403de0, L_0x5593d7403910, L_0x5593d74034d0, C4<>;
L_0x5593d74036c0 .part v0x5593d73f25a0_0, 0, 1;
L_0x5593d74037c0 .functor MUXZ 1, L_0x5593d7403b30, L_0x5593d7403cb0, L_0x5593d74036c0, C4<>;
L_0x5593d7403910 .functor MUXZ 1, L_0x5593d74037c0, L_0x5593d7403570, L_0x5593d7403430, C4<>;
S_0x5593d73d4910 .scope generate, "mux_loop[1]" "mux_loop[1]" 6 15, 6 15 0, S_0x5593d73d3880;
 .timescale 0 0;
P_0x5593d73d4ad0 .param/l "j" 0 6 15, +C4<01>;
S_0x5593d73d4b90 .scope module, "m" "mux3to1" 6 16, 6 1 0, S_0x5593d73d4910;
 .timescale 0 0;
    .port_info 0 /OUTPUT 1 "out"
    .port_info 1 /INPUT 2 "sel"
    .port_info 2 /INPUT 1 "in1"
    .port_info 3 /INPUT 1 "in2"
    .port_info 4 /INPUT 1 "in3"
v0x5593d73d4de0_0 .net *"_s1", 0 0, L_0x5593d7403f10;  1 drivers
v0x5593d73d4ee0_0 .net *"_s3", 0 0, L_0x5593d7403fb0;  1 drivers
v0x5593d73d4fc0_0 .net *"_s4", 0 0, L_0x5593d7404050;  1 drivers
v0x5593d73d50b0_0 .net *"_s7", 0 0, L_0x5593d74040f0;  1 drivers
v0x5593d73d5190_0 .net *"_s8", 0 0, L_0x5593d7404190;  1 drivers
v0x5593d73d52c0_0 .net "in1", 0 0, L_0x5593d74044a0;  1 drivers
v0x5593d73d5380_0 .net "in2", 0 0, L_0x5593d74045c0;  1 drivers
v0x5593d73d5440_0 .net "in3", 0 0, L_0x5593d74046b0;  1 drivers
v0x5593d73d5500_0 .net "out", 0 0, L_0x5593d7404280;  1 drivers
v0x5593d73d5650_0 .net "sel", 1 0, v0x5593d73f25a0_0;  alias, 1 drivers
L_0x5593d7403f10 .part v0x5593d73f25a0_0, 1, 1;
L_0x5593d7403fb0 .part v0x5593d73f25a0_0, 0, 1;
L_0x5593d7404050 .functor MUXZ 1, L_0x5593d74046b0, L_0x5593d7404280, L_0x5593d7403fb0, C4<>;
L_0x5593d74040f0 .part v0x5593d73f25a0_0, 0, 1;
L_0x5593d7404190 .functor MUXZ 1, L_0x5593d74044a0, L_0x5593d74045c0, L_0x5593d74040f0, C4<>;
L_0x5593d7404280 .functor MUXZ 1, L_0x5593d7404190, L_0x5593d7404050, L_0x5593d7403f10, C4<>;
S_0x5593d73d57c0 .scope generate, "mux_loop[2]" "mux_loop[2]" 6 15, 6 15 0, S_0x5593d73d3880;
 .timescale 0 0;
P_0x5593d73d5960 .param/l "j" 0 6 15, +C4<010>;
S_0x5593d73d5a20 .scope module, "m" "mux3to1" 6 16, 6 1 0, S_0x5593d73d57c0;
 .timescale 0 0;
    .port_info 0 /OUTPUT 1 "out"
    .port_info 1 /INPUT 2 "sel"
    .port_info 2 /INPUT 1 "in1"
    .port_info 3 /INPUT 1 "in2"
    .port_info 4 /INPUT 1 "in3"
v0x5593d73d5ca0_0 .net *"_s1", 0 0, L_0x5593d74047e0;  1 drivers
v0x5593d73d5da0_0 .net *"_s3", 0 0, L_0x5593d7404880;  1 drivers
v0x5593d73d5e80_0 .net *"_s4", 0 0, L_0x5593d7404920;  1 drivers
v0x5593d73d5f70_0 .net *"_s7", 0 0, L_0x5593d7404a10;  1 drivers
v0x5593d73d6050_0 .net *"_s8", 0 0, L_0x5593d7404ab0;  1 drivers
v0x5593d73d6180_0 .net "in1", 0 0, L_0x5593d7404dc0;  1 drivers
v0x5593d73d6240_0 .net "in2", 0 0, L_0x5593d7404eb0;  1 drivers
v0x5593d73d6300_0 .net "in3", 0 0, L_0x5593d7404ff0;  1 drivers
v0x5593d73d63c0_0 .net "out", 0 0, L_0x5593d7404ba0;  1 drivers
v0x5593d73d6510_0 .net "sel", 1 0, v0x5593d73f25a0_0;  alias, 1 drivers
L_0x5593d74047e0 .part v0x5593d73f25a0_0, 1, 1;
L_0x5593d7404880 .part v0x5593d73f25a0_0, 0, 1;
L_0x5593d7404920 .functor MUXZ 1, L_0x5593d7404ff0, L_0x5593d7404ba0, L_0x5593d7404880, C4<>;
L_0x5593d7404a10 .part v0x5593d73f25a0_0, 0, 1;
L_0x5593d7404ab0 .functor MUXZ 1, L_0x5593d7404dc0, L_0x5593d7404eb0, L_0x5593d7404a10, C4<>;
L_0x5593d7404ba0 .functor MUXZ 1, L_0x5593d7404ab0, L_0x5593d7404920, L_0x5593d74047e0, C4<>;
S_0x5593d73d6670 .scope generate, "mux_loop[3]" "mux_loop[3]" 6 15, 6 15 0, S_0x5593d73d3880;
 .timescale 0 0;
P_0x5593d73d6860 .param/l "j" 0 6 15, +C4<011>;
S_0x5593d73d6940 .scope module, "m" "mux3to1" 6 16, 6 1 0, S_0x5593d73d6670;
 .timescale 0 0;
    .port_info 0 /OUTPUT 1 "out"
    .port_info 1 /INPUT 2 "sel"
    .port_info 2 /INPUT 1 "in1"
    .port_info 3 /INPUT 1 "in2"
    .port_info 4 /INPUT 1 "in3"
v0x5593d73d6b90_0 .net *"_s1", 0 0, L_0x5593d74050e0;  1 drivers
v0x5593d73d6c90_0 .net *"_s3", 0 0, L_0x5593d7405180;  1 drivers
v0x5593d73d6d70_0 .net *"_s4", 0 0, L_0x5593d7405220;  1 drivers
v0x5593d73d6e30_0 .net *"_s7", 0 0, L_0x5593d7405310;  1 drivers
v0x5593d73d6f10_0 .net *"_s8", 0 0, L_0x5593d74053b0;  1 drivers
v0x5593d73d7040_0 .net "in1", 0 0, L_0x5593d74056c0;  1 drivers
v0x5593d73d7100_0 .net "in2", 0 0, L_0x5593d7405810;  1 drivers
v0x5593d73d71c0_0 .net "in3", 0 0, L_0x5593d74058b0;  1 drivers
v0x5593d73d7280_0 .net "out", 0 0, L_0x5593d74054a0;  1 drivers
v0x5593d73d73d0_0 .net "sel", 1 0, v0x5593d73f25a0_0;  alias, 1 drivers
L_0x5593d74050e0 .part v0x5593d73f25a0_0, 1, 1;
L_0x5593d7405180 .part v0x5593d73f25a0_0, 0, 1;
L_0x5593d7405220 .functor MUXZ 1, L_0x5593d74058b0, L_0x5593d74054a0, L_0x5593d7405180, C4<>;
L_0x5593d7405310 .part v0x5593d73f25a0_0, 0, 1;
L_0x5593d74053b0 .functor MUXZ 1, L_0x5593d74056c0, L_0x5593d7405810, L_0x5593d7405310, C4<>;
L_0x5593d74054a0 .functor MUXZ 1, L_0x5593d74053b0, L_0x5593d7405220, L_0x5593d74050e0, C4<>;
S_0x5593d73d7530 .scope generate, "mux_loop[4]" "mux_loop[4]" 6 15, 6 15 0, S_0x5593d73d3880;
 .timescale 0 0;
P_0x5593d73d7720 .param/l "j" 0 6 15, +C4<0100>;
S_0x5593d73d7800 .scope module, "m" "mux3to1" 6 16, 6 1 0, S_0x5593d73d7530;
 .timescale 0 0;
    .port_info 0 /OUTPUT 1 "out"
    .port_info 1 /INPUT 2 "sel"
    .port_info 2 /INPUT 1 "in1"
    .port_info 3 /INPUT 1 "in2"
    .port_info 4 /INPUT 1 "in3"
v0x5593d73d7a50_0 .net *"_s1", 0 0, L_0x5593d7405a10;  1 drivers
v0x5593d73d7b50_0 .net *"_s3", 0 0, L_0x5593d7405ab0;  1 drivers
v0x5593d73d7c30_0 .net *"_s4", 0 0, L_0x5593d7405b50;  1 drivers
v0x5593d73d7cf0_0 .net *"_s7", 0 0, L_0x5593d7405c40;  1 drivers
v0x5593d73d7dd0_0 .net *"_s8", 0 0, L_0x5593d7405ce0;  1 drivers
v0x5593d73d7f00_0 .net "in1", 0 0, L_0x5593d7405ff0;  1 drivers
v0x5593d73d7fc0_0 .net "in2", 0 0, L_0x5593d74060e0;  1 drivers
v0x5593d73d8080_0 .net "in3", 0 0, L_0x5593d7406360;  1 drivers
v0x5593d73d8140_0 .net "out", 0 0, L_0x5593d7405dd0;  1 drivers
v0x5593d73d8290_0 .net "sel", 1 0, v0x5593d73f25a0_0;  alias, 1 drivers
L_0x5593d7405a10 .part v0x5593d73f25a0_0, 1, 1;
L_0x5593d7405ab0 .part v0x5593d73f25a0_0, 0, 1;
L_0x5593d7405b50 .functor MUXZ 1, L_0x5593d7406360, L_0x5593d7405dd0, L_0x5593d7405ab0, C4<>;
L_0x5593d7405c40 .part v0x5593d73f25a0_0, 0, 1;
L_0x5593d7405ce0 .functor MUXZ 1, L_0x5593d7405ff0, L_0x5593d74060e0, L_0x5593d7405c40, C4<>;
L_0x5593d7405dd0 .functor MUXZ 1, L_0x5593d7405ce0, L_0x5593d7405b50, L_0x5593d7405a10, C4<>;
S_0x5593d73d8480 .scope generate, "mux_loop[5]" "mux_loop[5]" 6 15, 6 15 0, S_0x5593d73d3880;
 .timescale 0 0;
P_0x5593d73d7e70 .param/l "j" 0 6 15, +C4<0101>;
S_0x5593d73d86b0 .scope module, "m" "mux3to1" 6 16, 6 1 0, S_0x5593d73d8480;
 .timescale 0 0;
    .port_info 0 /OUTPUT 1 "out"
    .port_info 1 /INPUT 2 "sel"
    .port_info 2 /INPUT 1 "in1"
    .port_info 3 /INPUT 1 "in2"
    .port_info 4 /INPUT 1 "in3"
v0x5593d73d8900_0 .net *"_s1", 0 0, L_0x5593d7406560;  1 drivers
v0x5593d73d8a00_0 .net *"_s3", 0 0, L_0x5593d7406600;  1 drivers
v0x5593d73d8ae0_0 .net *"_s4", 0 0, L_0x5593d74066a0;  1 drivers
v0x5593d73d8bd0_0 .net *"_s7", 0 0, L_0x5593d7406790;  1 drivers
v0x5593d73d8cb0_0 .net *"_s8", 0 0, L_0x5593d7406830;  1 drivers
v0x5593d73d8de0_0 .net "in1", 0 0, L_0x5593d7406b40;  1 drivers
v0x5593d73d8ea0_0 .net "in2", 0 0, L_0x5593d7406cc0;  1 drivers
v0x5593d73d8f60_0 .net "in3", 0 0, L_0x5593d7406db0;  1 drivers
v0x5593d73d9020_0 .net "out", 0 0, L_0x5593d7406920;  1 drivers
v0x5593d73d9170_0 .net "sel", 1 0, v0x5593d73f25a0_0;  alias, 1 drivers
L_0x5593d7406560 .part v0x5593d73f25a0_0, 1, 1;
L_0x5593d7406600 .part v0x5593d73f25a0_0, 0, 1;
L_0x5593d74066a0 .functor MUXZ 1, L_0x5593d7406db0, L_0x5593d7406920, L_0x5593d7406600, C4<>;
L_0x5593d7406790 .part v0x5593d73f25a0_0, 0, 1;
L_0x5593d7406830 .functor MUXZ 1, L_0x5593d7406b40, L_0x5593d7406cc0, L_0x5593d7406790, C4<>;
L_0x5593d7406920 .functor MUXZ 1, L_0x5593d7406830, L_0x5593d74066a0, L_0x5593d7406560, C4<>;
S_0x5593d73d92d0 .scope generate, "mux_loop[6]" "mux_loop[6]" 6 15, 6 15 0, S_0x5593d73d3880;
 .timescale 0 0;
P_0x5593d73d9470 .param/l "j" 0 6 15, +C4<0110>;
S_0x5593d73d9550 .scope module, "m" "mux3to1" 6 16, 6 1 0, S_0x5593d73d92d0;
 .timescale 0 0;
    .port_info 0 /OUTPUT 1 "out"
    .port_info 1 /INPUT 2 "sel"
    .port_info 2 /INPUT 1 "in1"
    .port_info 3 /INPUT 1 "in2"
    .port_info 4 /INPUT 1 "in3"
v0x5593d73d97a0_0 .net *"_s1", 0 0, L_0x5593d7406f40;  1 drivers
v0x5593d73d98a0_0 .net *"_s3", 0 0, L_0x5593d7406fe0;  1 drivers
v0x5593d73d9980_0 .net *"_s4", 0 0, L_0x5593d7407080;  1 drivers
v0x5593d73d9a70_0 .net *"_s7", 0 0, L_0x5593d7407170;  1 drivers
v0x5593d73d9b50_0 .net *"_s8", 0 0, L_0x5593d7407210;  1 drivers
v0x5593d73d9c80_0 .net "in1", 0 0, L_0x5593d7407520;  1 drivers
v0x5593d73d9d40_0 .net "in2", 0 0, L_0x5593d7407610;  1 drivers
v0x5593d73d9e00_0 .net "in3", 0 0, L_0x5593d7406ea0;  1 drivers
v0x5593d73d9ec0_0 .net "out", 0 0, L_0x5593d7407300;  1 drivers
v0x5593d73da010_0 .net "sel", 1 0, v0x5593d73f25a0_0;  alias, 1 drivers
L_0x5593d7406f40 .part v0x5593d73f25a0_0, 1, 1;
L_0x5593d7406fe0 .part v0x5593d73f25a0_0, 0, 1;
L_0x5593d7407080 .functor MUXZ 1, L_0x5593d7406ea0, L_0x5593d7407300, L_0x5593d7406fe0, C4<>;
L_0x5593d7407170 .part v0x5593d73f25a0_0, 0, 1;
L_0x5593d7407210 .functor MUXZ 1, L_0x5593d7407520, L_0x5593d7407610, L_0x5593d7407170, C4<>;
L_0x5593d7407300 .functor MUXZ 1, L_0x5593d7407210, L_0x5593d7407080, L_0x5593d7406f40, C4<>;
S_0x5593d73da170 .scope generate, "mux_loop[7]" "mux_loop[7]" 6 15, 6 15 0, S_0x5593d73d3880;
 .timescale 0 0;
P_0x5593d73da310 .param/l "j" 0 6 15, +C4<0111>;
S_0x5593d73da3f0 .scope module, "m" "mux3to1" 6 16, 6 1 0, S_0x5593d73da170;
 .timescale 0 0;
    .port_info 0 /OUTPUT 1 "out"
    .port_info 1 /INPUT 2 "sel"
    .port_info 2 /INPUT 1 "in1"
    .port_info 3 /INPUT 1 "in2"
    .port_info 4 /INPUT 1 "in3"
v0x5593d73da640_0 .net *"_s1", 0 0, L_0x5593d7407800;  1 drivers
v0x5593d73da740_0 .net *"_s3", 0 0, L_0x5593d74078a0;  1 drivers
v0x5593d73da820_0 .net *"_s4", 0 0, L_0x5593d7407940;  1 drivers
v0x5593d73da910_0 .net *"_s7", 0 0, L_0x5593d7407a30;  1 drivers
v0x5593d73da9f0_0 .net *"_s8", 0 0, L_0x5593d7407ad0;  1 drivers
v0x5593d73dab20_0 .net "in1", 0 0, L_0x5593d7407de0;  1 drivers
v0x5593d73dabe0_0 .net "in2", 0 0, L_0x5593d7407f90;  1 drivers
v0x5593d73daca0_0 .net "in3", 0 0, L_0x5593d7408080;  1 drivers
v0x5593d73dad60_0 .net "out", 0 0, L_0x5593d7407bc0;  1 drivers
v0x5593d73daeb0_0 .net "sel", 1 0, v0x5593d73f25a0_0;  alias, 1 drivers
L_0x5593d7407800 .part v0x5593d73f25a0_0, 1, 1;
L_0x5593d74078a0 .part v0x5593d73f25a0_0, 0, 1;
L_0x5593d7407940 .functor MUXZ 1, L_0x5593d7408080, L_0x5593d7407bc0, L_0x5593d74078a0, C4<>;
L_0x5593d7407a30 .part v0x5593d73f25a0_0, 0, 1;
L_0x5593d7407ad0 .functor MUXZ 1, L_0x5593d7407de0, L_0x5593d7407f90, L_0x5593d7407a30, C4<>;
L_0x5593d7407bc0 .functor MUXZ 1, L_0x5593d7407ad0, L_0x5593d7407940, L_0x5593d7407800, C4<>;
S_0x5593d73db010 .scope generate, "mux_loop[8]" "mux_loop[8]" 6 15, 6 15 0, S_0x5593d73d3880;
 .timescale 0 0;
P_0x5593d73d76d0 .param/l "j" 0 6 15, +C4<01000>;
S_0x5593d73db2d0 .scope module, "m" "mux3to1" 6 16, 6 1 0, S_0x5593d73db010;
 .timescale 0 0;
    .port_info 0 /OUTPUT 1 "out"
    .port_info 1 /INPUT 2 "sel"
    .port_info 2 /INPUT 1 "in1"
    .port_info 3 /INPUT 1 "in2"
    .port_info 4 /INPUT 1 "in3"
v0x5593d73db520_0 .net *"_s1", 0 0, L_0x5593d7408240;  1 drivers
v0x5593d73db620_0 .net *"_s3", 0 0, L_0x5593d74082e0;  1 drivers
v0x5593d73db700_0 .net *"_s4", 0 0, L_0x5593d7408380;  1 drivers
v0x5593d73db7f0_0 .net *"_s7", 0 0, L_0x5593d7408470;  1 drivers
v0x5593d73db8d0_0 .net *"_s8", 0 0, L_0x5593d7408510;  1 drivers
v0x5593d73dba00_0 .net "in1", 0 0, L_0x5593d7408820;  1 drivers
v0x5593d73dbac0_0 .net "in2", 0 0, L_0x5593d7408910;  1 drivers
v0x5593d73dbb80_0 .net "in3", 0 0, L_0x5593d7408ae0;  1 drivers
v0x5593d73dbc40_0 .net "out", 0 0, L_0x5593d7408600;  1 drivers
v0x5593d73dbd90_0 .net "sel", 1 0, v0x5593d73f25a0_0;  alias, 1 drivers
L_0x5593d7408240 .part v0x5593d73f25a0_0, 1, 1;
L_0x5593d74082e0 .part v0x5593d73f25a0_0, 0, 1;
L_0x5593d7408380 .functor MUXZ 1, L_0x5593d7408ae0, L_0x5593d7408600, L_0x5593d74082e0, C4<>;
L_0x5593d7408470 .part v0x5593d73f25a0_0, 0, 1;
L_0x5593d7408510 .functor MUXZ 1, L_0x5593d7408820, L_0x5593d7408910, L_0x5593d7408470, C4<>;
L_0x5593d7408600 .functor MUXZ 1, L_0x5593d7408510, L_0x5593d7408380, L_0x5593d7408240, C4<>;
S_0x5593d73dbef0 .scope generate, "mux_loop[9]" "mux_loop[9]" 6 15, 6 15 0, S_0x5593d73d3880;
 .timescale 0 0;
P_0x5593d73dc090 .param/l "j" 0 6 15, +C4<01001>;
S_0x5593d73dc170 .scope module, "m" "mux3to1" 6 16, 6 1 0, S_0x5593d73dbef0;
 .timescale 0 0;
    .port_info 0 /OUTPUT 1 "out"
    .port_info 1 /INPUT 2 "sel"
    .port_info 2 /INPUT 1 "in1"
    .port_info 3 /INPUT 1 "in2"
    .port_info 4 /INPUT 1 "in3"
v0x5593d73dc3c0_0 .net *"_s1", 0 0, L_0x5593d7408bd0;  1 drivers
v0x5593d73dc4c0_0 .net *"_s3", 0 0, L_0x5593d7408c70;  1 drivers
v0x5593d73dc5a0_0 .net *"_s4", 0 0, L_0x5593d7408d10;  1 drivers
v0x5593d73dc690_0 .net *"_s7", 0 0, L_0x5593d7408e00;  1 drivers
v0x5593d73dc770_0 .net *"_s8", 0 0, L_0x5593d74096b0;  1 drivers
v0x5593d73dc8a0_0 .net "in1", 0 0, L_0x5593d74099c0;  1 drivers
v0x5593d73dc960_0 .net "in2", 0 0, L_0x5593d7409ba0;  1 drivers
v0x5593d73dca20_0 .net "in3", 0 0, L_0x5593d7409c90;  1 drivers
v0x5593d73dcae0_0 .net "out", 0 0, L_0x5593d74097a0;  1 drivers
v0x5593d73dcba0_0 .net "sel", 1 0, v0x5593d73f25a0_0;  alias, 1 drivers
L_0x5593d7408bd0 .part v0x5593d73f25a0_0, 1, 1;
L_0x5593d7408c70 .part v0x5593d73f25a0_0, 0, 1;
L_0x5593d7408d10 .functor MUXZ 1, L_0x5593d7409c90, L_0x5593d74097a0, L_0x5593d7408c70, C4<>;
L_0x5593d7408e00 .part v0x5593d73f25a0_0, 0, 1;
L_0x5593d74096b0 .functor MUXZ 1, L_0x5593d74099c0, L_0x5593d7409ba0, L_0x5593d7408e00, C4<>;
L_0x5593d74097a0 .functor MUXZ 1, L_0x5593d74096b0, L_0x5593d7408d10, L_0x5593d7408bd0, C4<>;
S_0x5593d73dcd00 .scope generate, "mux_loop[10]" "mux_loop[10]" 6 15, 6 15 0, S_0x5593d73d3880;
 .timescale 0 0;
P_0x5593d73dcea0 .param/l "j" 0 6 15, +C4<01010>;
S_0x5593d73dcf80 .scope module, "m" "mux3to1" 6 16, 6 1 0, S_0x5593d73dcd00;
 .timescale 0 0;
    .port_info 0 /OUTPUT 1 "out"
    .port_info 1 /INPUT 2 "sel"
    .port_info 2 /INPUT 1 "in1"
    .port_info 3 /INPUT 1 "in2"
    .port_info 4 /INPUT 1 "in3"
v0x5593d73dd1d0_0 .net *"_s1", 0 0, L_0x5593d7409e80;  1 drivers
v0x5593d73dd2d0_0 .net *"_s3", 0 0, L_0x5593d7409f20;  1 drivers
v0x5593d73dd3b0_0 .net *"_s4", 0 0, L_0x5593d7409fc0;  1 drivers
v0x5593d73dd4a0_0 .net *"_s7", 0 0, L_0x5593d740a0b0;  1 drivers
v0x5593d73dd580_0 .net *"_s8", 0 0, L_0x5593d740a150;  1 drivers
v0x5593d73dd6b0_0 .net "in1", 0 0, L_0x5593d740a460;  1 drivers
v0x5593d73dd770_0 .net "in2", 0 0, L_0x5593d740a550;  1 drivers
v0x5593d73dd830_0 .net "in3", 0 0, L_0x5593d740a750;  1 drivers
v0x5593d73dd8f0_0 .net "out", 0 0, L_0x5593d740a240;  1 drivers
v0x5593d73dda40_0 .net "sel", 1 0, v0x5593d73f25a0_0;  alias, 1 drivers
L_0x5593d7409e80 .part v0x5593d73f25a0_0, 1, 1;
L_0x5593d7409f20 .part v0x5593d73f25a0_0, 0, 1;
L_0x5593d7409fc0 .functor MUXZ 1, L_0x5593d740a750, L_0x5593d740a240, L_0x5593d7409f20, C4<>;
L_0x5593d740a0b0 .part v0x5593d73f25a0_0, 0, 1;
L_0x5593d740a150 .functor MUXZ 1, L_0x5593d740a460, L_0x5593d740a550, L_0x5593d740a0b0, C4<>;
L_0x5593d740a240 .functor MUXZ 1, L_0x5593d740a150, L_0x5593d7409fc0, L_0x5593d7409e80, C4<>;
S_0x5593d73ddba0 .scope generate, "mux_loop[11]" "mux_loop[11]" 6 15, 6 15 0, S_0x5593d73d3880;
 .timescale 0 0;
P_0x5593d73ddd40 .param/l "j" 0 6 15, +C4<01011>;
S_0x5593d73dde20 .scope module, "m" "mux3to1" 6 16, 6 1 0, S_0x5593d73ddba0;
 .timescale 0 0;
    .port_info 0 /OUTPUT 1 "out"
    .port_info 1 /INPUT 2 "sel"
    .port_info 2 /INPUT 1 "in1"
    .port_info 3 /INPUT 1 "in2"
    .port_info 4 /INPUT 1 "in3"
v0x5593d73de070_0 .net *"_s1", 0 0, L_0x5593d740a840;  1 drivers
v0x5593d73de170_0 .net *"_s3", 0 0, L_0x5593d740a8e0;  1 drivers
v0x5593d73de250_0 .net *"_s4", 0 0, L_0x5593d740a980;  1 drivers
v0x5593d73de340_0 .net *"_s7", 0 0, L_0x5593d740aa70;  1 drivers
v0x5593d73de420_0 .net *"_s8", 0 0, L_0x5593d740ab10;  1 drivers
v0x5593d73de550_0 .net "in1", 0 0, L_0x5593d740ae20;  1 drivers
v0x5593d73de610_0 .net "in2", 0 0, L_0x5593d740b030;  1 drivers
v0x5593d73de6d0_0 .net "in3", 0 0, L_0x5593d740b120;  1 drivers
v0x5593d73de790_0 .net "out", 0 0, L_0x5593d740ac00;  1 drivers
v0x5593d73de8e0_0 .net "sel", 1 0, v0x5593d73f25a0_0;  alias, 1 drivers
L_0x5593d740a840 .part v0x5593d73f25a0_0, 1, 1;
L_0x5593d740a8e0 .part v0x5593d73f25a0_0, 0, 1;
L_0x5593d740a980 .functor MUXZ 1, L_0x5593d740b120, L_0x5593d740ac00, L_0x5593d740a8e0, C4<>;
L_0x5593d740aa70 .part v0x5593d73f25a0_0, 0, 1;
L_0x5593d740ab10 .functor MUXZ 1, L_0x5593d740ae20, L_0x5593d740b030, L_0x5593d740aa70, C4<>;
L_0x5593d740ac00 .functor MUXZ 1, L_0x5593d740ab10, L_0x5593d740a980, L_0x5593d740a840, C4<>;
S_0x5593d73dea40 .scope generate, "mux_loop[12]" "mux_loop[12]" 6 15, 6 15 0, S_0x5593d73d3880;
 .timescale 0 0;
P_0x5593d73debe0 .param/l "j" 0 6 15, +C4<01100>;
S_0x5593d73decc0 .scope module, "m" "mux3to1" 6 16, 6 1 0, S_0x5593d73dea40;
 .timescale 0 0;
    .port_info 0 /OUTPUT 1 "out"
    .port_info 1 /INPUT 2 "sel"
    .port_info 2 /INPUT 1 "in1"
    .port_info 3 /INPUT 1 "in2"
    .port_info 4 /INPUT 1 "in3"
v0x5593d73def10_0 .net *"_s1", 0 0, L_0x5593d740af10;  1 drivers
v0x5593d73df010_0 .net *"_s3", 0 0, L_0x5593d740b340;  1 drivers
v0x5593d73df0f0_0 .net *"_s4", 0 0, L_0x5593d740b3e0;  1 drivers
v0x5593d73df1e0_0 .net *"_s7", 0 0, L_0x5593d740b480;  1 drivers
v0x5593d73df2c0_0 .net *"_s8", 0 0, L_0x5593d740b520;  1 drivers
v0x5593d73df3f0_0 .net "in1", 0 0, L_0x5593d740b830;  1 drivers
v0x5593d73df4b0_0 .net "in2", 0 0, L_0x5593d740b920;  1 drivers
v0x5593d73df570_0 .net "in3", 0 0, L_0x5593d740bd60;  1 drivers
v0x5593d73df630_0 .net "out", 0 0, L_0x5593d740b610;  1 drivers
v0x5593d73df780_0 .net "sel", 1 0, v0x5593d73f25a0_0;  alias, 1 drivers
L_0x5593d740af10 .part v0x5593d73f25a0_0, 1, 1;
L_0x5593d740b340 .part v0x5593d73f25a0_0, 0, 1;
L_0x5593d740b3e0 .functor MUXZ 1, L_0x5593d740bd60, L_0x5593d740b610, L_0x5593d740b340, C4<>;
L_0x5593d740b480 .part v0x5593d73f25a0_0, 0, 1;
L_0x5593d740b520 .functor MUXZ 1, L_0x5593d740b830, L_0x5593d740b920, L_0x5593d740b480, C4<>;
L_0x5593d740b610 .functor MUXZ 1, L_0x5593d740b520, L_0x5593d740b3e0, L_0x5593d740af10, C4<>;
S_0x5593d73df8e0 .scope generate, "mux_loop[13]" "mux_loop[13]" 6 15, 6 15 0, S_0x5593d73d3880;
 .timescale 0 0;
P_0x5593d73dfa80 .param/l "j" 0 6 15, +C4<01101>;
S_0x5593d73dfb60 .scope module, "m" "mux3to1" 6 16, 6 1 0, S_0x5593d73df8e0;
 .timescale 0 0;
    .port_info 0 /OUTPUT 1 "out"
    .port_info 1 /INPUT 2 "sel"
    .port_info 2 /INPUT 1 "in1"
    .port_info 3 /INPUT 1 "in2"
    .port_info 4 /INPUT 1 "in3"
v0x5593d73dfdb0_0 .net *"_s1", 0 0, L_0x5593d740c060;  1 drivers
v0x5593d73dfeb0_0 .net *"_s3", 0 0, L_0x5593d740c100;  1 drivers
v0x5593d73dff90_0 .net *"_s4", 0 0, L_0x5593d740c1a0;  1 drivers
v0x5593d73e0080_0 .net *"_s7", 0 0, L_0x5593d740c290;  1 drivers
v0x5593d73e0160_0 .net *"_s8", 0 0, L_0x5593d740c330;  1 drivers
v0x5593d73e0290_0 .net "in1", 0 0, L_0x5593d740c640;  1 drivers
v0x5593d73e0350_0 .net "in2", 0 0, L_0x5593d740c880;  1 drivers
v0x5593d73e0410_0 .net "in3", 0 0, L_0x5593d740c970;  1 drivers
v0x5593d73e04d0_0 .net "out", 0 0, L_0x5593d740c420;  1 drivers
v0x5593d73e0620_0 .net "sel", 1 0, v0x5593d73f25a0_0;  alias, 1 drivers
L_0x5593d740c060 .part v0x5593d73f25a0_0, 1, 1;
L_0x5593d740c100 .part v0x5593d73f25a0_0, 0, 1;
L_0x5593d740c1a0 .functor MUXZ 1, L_0x5593d740c970, L_0x5593d740c420, L_0x5593d740c100, C4<>;
L_0x5593d740c290 .part v0x5593d73f25a0_0, 0, 1;
L_0x5593d740c330 .functor MUXZ 1, L_0x5593d740c640, L_0x5593d740c880, L_0x5593d740c290, C4<>;
L_0x5593d740c420 .functor MUXZ 1, L_0x5593d740c330, L_0x5593d740c1a0, L_0x5593d740c060, C4<>;
S_0x5593d73e0780 .scope generate, "mux_loop[14]" "mux_loop[14]" 6 15, 6 15 0, S_0x5593d73d3880;
 .timescale 0 0;
P_0x5593d73e0920 .param/l "j" 0 6 15, +C4<01110>;
S_0x5593d73e0a00 .scope module, "m" "mux3to1" 6 16, 6 1 0, S_0x5593d73e0780;
 .timescale 0 0;
    .port_info 0 /OUTPUT 1 "out"
    .port_info 1 /INPUT 2 "sel"
    .port_info 2 /INPUT 1 "in1"
    .port_info 3 /INPUT 1 "in2"
    .port_info 4 /INPUT 1 "in3"
v0x5593d73e0c50_0 .net *"_s1", 0 0, L_0x5593d740cbc0;  1 drivers
v0x5593d73e0d50_0 .net *"_s3", 0 0, L_0x5593d740cc60;  1 drivers
v0x5593d73e0e30_0 .net *"_s4", 0 0, L_0x5593d740cd00;  1 drivers
v0x5593d73e0f20_0 .net *"_s7", 0 0, L_0x5593d740cdf0;  1 drivers
v0x5593d73e1000_0 .net *"_s8", 0 0, L_0x5593d740ce90;  1 drivers
v0x5593d73e1130_0 .net "in1", 0 0, L_0x5593d740d1a0;  1 drivers
v0x5593d73e11f0_0 .net "in2", 0 0, L_0x5593d740d290;  1 drivers
v0x5593d73e12b0_0 .net "in3", 0 0, L_0x5593d740d4f0;  1 drivers
v0x5593d73e1370_0 .net "out", 0 0, L_0x5593d740cf80;  1 drivers
v0x5593d73e14c0_0 .net "sel", 1 0, v0x5593d73f25a0_0;  alias, 1 drivers
L_0x5593d740cbc0 .part v0x5593d73f25a0_0, 1, 1;
L_0x5593d740cc60 .part v0x5593d73f25a0_0, 0, 1;
L_0x5593d740cd00 .functor MUXZ 1, L_0x5593d740d4f0, L_0x5593d740cf80, L_0x5593d740cc60, C4<>;
L_0x5593d740cdf0 .part v0x5593d73f25a0_0, 0, 1;
L_0x5593d740ce90 .functor MUXZ 1, L_0x5593d740d1a0, L_0x5593d740d290, L_0x5593d740cdf0, C4<>;
L_0x5593d740cf80 .functor MUXZ 1, L_0x5593d740ce90, L_0x5593d740cd00, L_0x5593d740cbc0, C4<>;
S_0x5593d73e1620 .scope generate, "mux_loop[15]" "mux_loop[15]" 6 15, 6 15 0, S_0x5593d73d3880;
 .timescale 0 0;
P_0x5593d73e17c0 .param/l "j" 0 6 15, +C4<01111>;
S_0x5593d73e18a0 .scope module, "m" "mux3to1" 6 16, 6 1 0, S_0x5593d73e1620;
 .timescale 0 0;
    .port_info 0 /OUTPUT 1 "out"
    .port_info 1 /INPUT 2 "sel"
    .port_info 2 /INPUT 1 "in1"
    .port_info 3 /INPUT 1 "in2"
    .port_info 4 /INPUT 1 "in3"
v0x5593d73e1af0_0 .net *"_s1", 0 0, L_0x5593d740d5e0;  1 drivers
v0x5593d73e1bf0_0 .net *"_s3", 0 0, L_0x5593d740d680;  1 drivers
v0x5593d73e1cd0_0 .net *"_s4", 0 0, L_0x5593d740d720;  1 drivers
v0x5593d73e1dc0_0 .net *"_s7", 0 0, L_0x5593d740d810;  1 drivers
v0x5593d73e1ea0_0 .net *"_s8", 0 0, L_0x5593d740d8b0;  1 drivers
v0x5593d73e1fd0_0 .net "in1", 0 0, L_0x5593d740dbc0;  1 drivers
v0x5593d73e2090_0 .net "in2", 0 0, L_0x5593d740de30;  1 drivers
v0x5593d73e2150_0 .net "in3", 0 0, L_0x5593d740df20;  1 drivers
v0x5593d73e2210_0 .net "out", 0 0, L_0x5593d740d9a0;  1 drivers
v0x5593d73e2360_0 .net "sel", 1 0, v0x5593d73f25a0_0;  alias, 1 drivers
L_0x5593d740d5e0 .part v0x5593d73f25a0_0, 1, 1;
L_0x5593d740d680 .part v0x5593d73f25a0_0, 0, 1;
L_0x5593d740d720 .functor MUXZ 1, L_0x5593d740df20, L_0x5593d740d9a0, L_0x5593d740d680, C4<>;
L_0x5593d740d810 .part v0x5593d73f25a0_0, 0, 1;
L_0x5593d740d8b0 .functor MUXZ 1, L_0x5593d740dbc0, L_0x5593d740de30, L_0x5593d740d810, C4<>;
L_0x5593d740d9a0 .functor MUXZ 1, L_0x5593d740d8b0, L_0x5593d740d720, L_0x5593d740d5e0, C4<>;
S_0x5593d73e24c0 .scope generate, "mux_loop[16]" "mux_loop[16]" 6 15, 6 15 0, S_0x5593d73d3880;
 .timescale 0 0;
P_0x5593d73e2660 .param/l "j" 0 6 15, +C4<010000>;
S_0x5593d73e2740 .scope module, "m" "mux3to1" 6 16, 6 1 0, S_0x5593d73e24c0;
 .timescale 0 0;
    .port_info 0 /OUTPUT 1 "out"
    .port_info 1 /INPUT 2 "sel"
    .port_info 2 /INPUT 1 "in1"
    .port_info 3 /INPUT 1 "in2"
    .port_info 4 /INPUT 1 "in3"
v0x5593d73e2990_0 .net *"_s1", 0 0, L_0x5593d740e1a0;  1 drivers
v0x5593d73e2a90_0 .net *"_s3", 0 0, L_0x5593d740e240;  1 drivers
v0x5593d73e2b70_0 .net *"_s4", 0 0, L_0x5593d740e2e0;  1 drivers
v0x5593d73e2c60_0 .net *"_s7", 0 0, L_0x5593d740e3d0;  1 drivers
v0x5593d73e2d40_0 .net *"_s8", 0 0, L_0x5593d740e470;  1 drivers
v0x5593d73e2e70_0 .net "in1", 0 0, L_0x5593d740e780;  1 drivers
v0x5593d73e2f30_0 .net "in2", 0 0, L_0x5593d740e870;  1 drivers
v0x5593d73e2ff0_0 .net "in3", 0 0, L_0x5593d740eb00;  1 drivers
v0x5593d73e30b0_0 .net "out", 0 0, L_0x5593d740e560;  1 drivers
v0x5593d73e3170_0 .net "sel", 1 0, v0x5593d73f25a0_0;  alias, 1 drivers
L_0x5593d740e1a0 .part v0x5593d73f25a0_0, 1, 1;
L_0x5593d740e240 .part v0x5593d73f25a0_0, 0, 1;
L_0x5593d740e2e0 .functor MUXZ 1, L_0x5593d740eb00, L_0x5593d740e560, L_0x5593d740e240, C4<>;
L_0x5593d740e3d0 .part v0x5593d73f25a0_0, 0, 1;
L_0x5593d740e470 .functor MUXZ 1, L_0x5593d740e780, L_0x5593d740e870, L_0x5593d740e3d0, C4<>;
L_0x5593d740e560 .functor MUXZ 1, L_0x5593d740e470, L_0x5593d740e2e0, L_0x5593d740e1a0, C4<>;
S_0x5593d73e32d0 .scope generate, "mux_loop[17]" "mux_loop[17]" 6 15, 6 15 0, S_0x5593d73d3880;
 .timescale 0 0;
P_0x5593d73e3470 .param/l "j" 0 6 15, +C4<010001>;
S_0x5593d73e3550 .scope module, "m" "mux3to1" 6 16, 6 1 0, S_0x5593d73e32d0;
 .timescale 0 0;
    .port_info 0 /OUTPUT 1 "out"
    .port_info 1 /INPUT 2 "sel"
    .port_info 2 /INPUT 1 "in1"
    .port_info 3 /INPUT 1 "in2"
    .port_info 4 /INPUT 1 "in3"
v0x5593d73e37a0_0 .net *"_s1", 0 0, L_0x5593d740ebf0;  1 drivers
v0x5593d73e38a0_0 .net *"_s3", 0 0, L_0x5593d740ec90;  1 drivers
v0x5593d73e3980_0 .net *"_s4", 0 0, L_0x5593d740ed30;  1 drivers
v0x5593d73e3a70_0 .net *"_s7", 0 0, L_0x5593d740ee20;  1 drivers
v0x5593d73e3b50_0 .net *"_s8", 0 0, L_0x5593d740eec0;  1 drivers
v0x5593d73e3c80_0 .net "in1", 0 0, L_0x5593d740f1d0;  1 drivers
v0x5593d73e3d40_0 .net "in2", 0 0, L_0x5593d740f470;  1 drivers
v0x5593d73e3e00_0 .net "in3", 0 0, L_0x5593d740f560;  1 drivers
v0x5593d73e3ec0_0 .net "out", 0 0, L_0x5593d740efb0;  1 drivers
v0x5593d73e4010_0 .net "sel", 1 0, v0x5593d73f25a0_0;  alias, 1 drivers
L_0x5593d740ebf0 .part v0x5593d73f25a0_0, 1, 1;
L_0x5593d740ec90 .part v0x5593d73f25a0_0, 0, 1;
L_0x5593d740ed30 .functor MUXZ 1, L_0x5593d740f560, L_0x5593d740efb0, L_0x5593d740ec90, C4<>;
L_0x5593d740ee20 .part v0x5593d73f25a0_0, 0, 1;
L_0x5593d740eec0 .functor MUXZ 1, L_0x5593d740f1d0, L_0x5593d740f470, L_0x5593d740ee20, C4<>;
L_0x5593d740efb0 .functor MUXZ 1, L_0x5593d740eec0, L_0x5593d740ed30, L_0x5593d740ebf0, C4<>;
S_0x5593d73e4170 .scope generate, "mux_loop[18]" "mux_loop[18]" 6 15, 6 15 0, S_0x5593d73d3880;
 .timescale 0 0;
P_0x5593d73e4310 .param/l "j" 0 6 15, +C4<010010>;
S_0x5593d73e43f0 .scope module, "m" "mux3to1" 6 16, 6 1 0, S_0x5593d73e4170;
 .timescale 0 0;
    .port_info 0 /OUTPUT 1 "out"
    .port_info 1 /INPUT 2 "sel"
    .port_info 2 /INPUT 1 "in1"
    .port_info 3 /INPUT 1 "in2"
    .port_info 4 /INPUT 1 "in3"
v0x5593d73e4640_0 .net *"_s1", 0 0, L_0x5593d740f810;  1 drivers
v0x5593d73e4740_0 .net *"_s3", 0 0, L_0x5593d740f8b0;  1 drivers
v0x5593d73e4820_0 .net *"_s4", 0 0, L_0x5593d740f950;  1 drivers
v0x5593d73e4910_0 .net *"_s7", 0 0, L_0x5593d740fa40;  1 drivers
v0x5593d73e49f0_0 .net *"_s8", 0 0, L_0x5593d740fae0;  1 drivers
v0x5593d73e4b20_0 .net "in1", 0 0, L_0x5593d740fdf0;  1 drivers
v0x5593d73e4be0_0 .net "in2", 0 0, L_0x5593d740fee0;  1 drivers
v0x5593d73e4ca0_0 .net "in3", 0 0, L_0x5593d74101a0;  1 drivers
v0x5593d73e4d60_0 .net "out", 0 0, L_0x5593d740fbd0;  1 drivers
v0x5593d73e4eb0_0 .net "sel", 1 0, v0x5593d73f25a0_0;  alias, 1 drivers
L_0x5593d740f810 .part v0x5593d73f25a0_0, 1, 1;
L_0x5593d740f8b0 .part v0x5593d73f25a0_0, 0, 1;
L_0x5593d740f950 .functor MUXZ 1, L_0x5593d74101a0, L_0x5593d740fbd0, L_0x5593d740f8b0, C4<>;
L_0x5593d740fa40 .part v0x5593d73f25a0_0, 0, 1;
L_0x5593d740fae0 .functor MUXZ 1, L_0x5593d740fdf0, L_0x5593d740fee0, L_0x5593d740fa40, C4<>;
L_0x5593d740fbd0 .functor MUXZ 1, L_0x5593d740fae0, L_0x5593d740f950, L_0x5593d740f810, C4<>;
S_0x5593d73e5010 .scope generate, "mux_loop[19]" "mux_loop[19]" 6 15, 6 15 0, S_0x5593d73d3880;
 .timescale 0 0;
P_0x5593d73e51b0 .param/l "j" 0 6 15, +C4<010011>;
S_0x5593d73e5290 .scope module, "m" "mux3to1" 6 16, 6 1 0, S_0x5593d73e5010;
 .timescale 0 0;
    .port_info 0 /OUTPUT 1 "out"
    .port_info 1 /INPUT 2 "sel"
    .port_info 2 /INPUT 1 "in1"
    .port_info 3 /INPUT 1 "in2"
    .port_info 4 /INPUT 1 "in3"
v0x5593d73e54e0_0 .net *"_s1", 0 0, L_0x5593d7410290;  1 drivers
v0x5593d73e55e0_0 .net *"_s3", 0 0, L_0x5593d7410330;  1 drivers
v0x5593d73e56c0_0 .net *"_s4", 0 0, L_0x5593d74103d0;  1 drivers
v0x5593d73e57b0_0 .net *"_s7", 0 0, L_0x5593d74104c0;  1 drivers
v0x5593d73e5890_0 .net *"_s8", 0 0, L_0x5593d7410560;  1 drivers
v0x5593d73e59c0_0 .net "in1", 0 0, L_0x5593d7410870;  1 drivers
v0x5593d73e5a80_0 .net "in2", 0 0, L_0x5593d7410b40;  1 drivers
v0x5593d73e5b40_0 .net "in3", 0 0, L_0x5593d7410c30;  1 drivers
v0x5593d73e5c00_0 .net "out", 0 0, L_0x5593d7410650;  1 drivers
v0x5593d73e5d50_0 .net "sel", 1 0, v0x5593d73f25a0_0;  alias, 1 drivers
L_0x5593d7410290 .part v0x5593d73f25a0_0, 1, 1;
L_0x5593d7410330 .part v0x5593d73f25a0_0, 0, 1;
L_0x5593d74103d0 .functor MUXZ 1, L_0x5593d7410c30, L_0x5593d7410650, L_0x5593d7410330, C4<>;
L_0x5593d74104c0 .part v0x5593d73f25a0_0, 0, 1;
L_0x5593d7410560 .functor MUXZ 1, L_0x5593d7410870, L_0x5593d7410b40, L_0x5593d74104c0, C4<>;
L_0x5593d7410650 .functor MUXZ 1, L_0x5593d7410560, L_0x5593d74103d0, L_0x5593d7410290, C4<>;
S_0x5593d73e5eb0 .scope generate, "mux_loop[20]" "mux_loop[20]" 6 15, 6 15 0, S_0x5593d73d3880;
 .timescale 0 0;
P_0x5593d73e6050 .param/l "j" 0 6 15, +C4<010100>;
S_0x5593d73e6130 .scope module, "m" "mux3to1" 6 16, 6 1 0, S_0x5593d73e5eb0;
 .timescale 0 0;
    .port_info 0 /OUTPUT 1 "out"
    .port_info 1 /INPUT 2 "sel"
    .port_info 2 /INPUT 1 "in1"
    .port_info 3 /INPUT 1 "in2"
    .port_info 4 /INPUT 1 "in3"
v0x5593d73e6380_0 .net *"_s1", 0 0, L_0x5593d7410f10;  1 drivers
v0x5593d73e6480_0 .net *"_s3", 0 0, L_0x5593d7410fb0;  1 drivers
v0x5593d73e6560_0 .net *"_s4", 0 0, L_0x5593d7411050;  1 drivers
v0x5593d73e6650_0 .net *"_s7", 0 0, L_0x5593d7411140;  1 drivers
v0x5593d73e6730_0 .net *"_s8", 0 0, L_0x5593d74111e0;  1 drivers
v0x5593d73e6860_0 .net "in1", 0 0, L_0x5593d74114f0;  1 drivers
v0x5593d73e6920_0 .net "in2", 0 0, L_0x5593d74115e0;  1 drivers
v0x5593d73e69e0_0 .net "in3", 0 0, L_0x5593d74118d0;  1 drivers
v0x5593d73e6aa0_0 .net "out", 0 0, L_0x5593d74112d0;  1 drivers
v0x5593d73e6bf0_0 .net "sel", 1 0, v0x5593d73f25a0_0;  alias, 1 drivers
L_0x5593d7410f10 .part v0x5593d73f25a0_0, 1, 1;
L_0x5593d7410fb0 .part v0x5593d73f25a0_0, 0, 1;
L_0x5593d7411050 .functor MUXZ 1, L_0x5593d74118d0, L_0x5593d74112d0, L_0x5593d7410fb0, C4<>;
L_0x5593d7411140 .part v0x5593d73f25a0_0, 0, 1;
L_0x5593d74111e0 .functor MUXZ 1, L_0x5593d74114f0, L_0x5593d74115e0, L_0x5593d7411140, C4<>;
L_0x5593d74112d0 .functor MUXZ 1, L_0x5593d74111e0, L_0x5593d7411050, L_0x5593d7410f10, C4<>;
S_0x5593d73e6d50 .scope generate, "mux_loop[21]" "mux_loop[21]" 6 15, 6 15 0, S_0x5593d73d3880;
 .timescale 0 0;
P_0x5593d73e6ef0 .param/l "j" 0 6 15, +C4<010101>;
S_0x5593d73e6fd0 .scope module, "m" "mux3to1" 6 16, 6 1 0, S_0x5593d73e6d50;
 .timescale 0 0;
    .port_info 0 /OUTPUT 1 "out"
    .port_info 1 /INPUT 2 "sel"
    .port_info 2 /INPUT 1 "in1"
    .port_info 3 /INPUT 1 "in2"
    .port_info 4 /INPUT 1 "in3"
v0x5593d73e7220_0 .net *"_s1", 0 0, L_0x5593d74119c0;  1 drivers
v0x5593d73e7320_0 .net *"_s3", 0 0, L_0x5593d7411a60;  1 drivers
v0x5593d73e7400_0 .net *"_s4", 0 0, L_0x5593d7411b00;  1 drivers
v0x5593d73e74f0_0 .net *"_s7", 0 0, L_0x5593d7411bf0;  1 drivers
v0x5593d73e75d0_0 .net *"_s8", 0 0, L_0x5593d7411c90;  1 drivers
v0x5593d73e7700_0 .net "in1", 0 0, L_0x5593d7411fa0;  1 drivers
v0x5593d73e77c0_0 .net "in2", 0 0, L_0x5593d74122a0;  1 drivers
v0x5593d73e7880_0 .net "in3", 0 0, L_0x5593d7412390;  1 drivers
v0x5593d73e7940_0 .net "out", 0 0, L_0x5593d7411d80;  1 drivers
v0x5593d73e7a90_0 .net "sel", 1 0, v0x5593d73f25a0_0;  alias, 1 drivers
L_0x5593d74119c0 .part v0x5593d73f25a0_0, 1, 1;
L_0x5593d7411a60 .part v0x5593d73f25a0_0, 0, 1;
L_0x5593d7411b00 .functor MUXZ 1, L_0x5593d7412390, L_0x5593d7411d80, L_0x5593d7411a60, C4<>;
L_0x5593d7411bf0 .part v0x5593d73f25a0_0, 0, 1;
L_0x5593d7411c90 .functor MUXZ 1, L_0x5593d7411fa0, L_0x5593d74122a0, L_0x5593d7411bf0, C4<>;
L_0x5593d7411d80 .functor MUXZ 1, L_0x5593d7411c90, L_0x5593d7411b00, L_0x5593d74119c0, C4<>;
S_0x5593d73e7bf0 .scope generate, "mux_loop[22]" "mux_loop[22]" 6 15, 6 15 0, S_0x5593d73d3880;
 .timescale 0 0;
P_0x5593d73e7d90 .param/l "j" 0 6 15, +C4<010110>;
S_0x5593d73e7e70 .scope module, "m" "mux3to1" 6 16, 6 1 0, S_0x5593d73e7bf0;
 .timescale 0 0;
    .port_info 0 /OUTPUT 1 "out"
    .port_info 1 /INPUT 2 "sel"
    .port_info 2 /INPUT 1 "in1"
    .port_info 3 /INPUT 1 "in2"
    .port_info 4 /INPUT 1 "in3"
v0x5593d73e80c0_0 .net *"_s1", 0 0, L_0x5593d74126a0;  1 drivers
v0x5593d73e81c0_0 .net *"_s3", 0 0, L_0x5593d7412740;  1 drivers
v0x5593d73e82a0_0 .net *"_s4", 0 0, L_0x5593d74127e0;  1 drivers
v0x5593d73e8390_0 .net *"_s7", 0 0, L_0x5593d74128d0;  1 drivers
v0x5593d73e8470_0 .net *"_s8", 0 0, L_0x5593d7412970;  1 drivers
v0x5593d73e85a0_0 .net "in1", 0 0, L_0x5593d7412c80;  1 drivers
v0x5593d73e8660_0 .net "in2", 0 0, L_0x5593d7412d70;  1 drivers
v0x5593d73e8720_0 .net "in3", 0 0, L_0x5593d7413090;  1 drivers
v0x5593d73e87e0_0 .net "out", 0 0, L_0x5593d7412a60;  1 drivers
v0x5593d73e8930_0 .net "sel", 1 0, v0x5593d73f25a0_0;  alias, 1 drivers
L_0x5593d74126a0 .part v0x5593d73f25a0_0, 1, 1;
L_0x5593d7412740 .part v0x5593d73f25a0_0, 0, 1;
L_0x5593d74127e0 .functor MUXZ 1, L_0x5593d7413090, L_0x5593d7412a60, L_0x5593d7412740, C4<>;
L_0x5593d74128d0 .part v0x5593d73f25a0_0, 0, 1;
L_0x5593d7412970 .functor MUXZ 1, L_0x5593d7412c80, L_0x5593d7412d70, L_0x5593d74128d0, C4<>;
L_0x5593d7412a60 .functor MUXZ 1, L_0x5593d7412970, L_0x5593d74127e0, L_0x5593d74126a0, C4<>;
S_0x5593d73e8a90 .scope generate, "mux_loop[23]" "mux_loop[23]" 6 15, 6 15 0, S_0x5593d73d3880;
 .timescale 0 0;
P_0x5593d73e8c30 .param/l "j" 0 6 15, +C4<010111>;
S_0x5593d73e8d10 .scope module, "m" "mux3to1" 6 16, 6 1 0, S_0x5593d73e8a90;
 .timescale 0 0;
    .port_info 0 /OUTPUT 1 "out"
    .port_info 1 /INPUT 2 "sel"
    .port_info 2 /INPUT 1 "in1"
    .port_info 3 /INPUT 1 "in2"
    .port_info 4 /INPUT 1 "in3"
v0x5593d73e8f60_0 .net *"_s1", 0 0, L_0x5593d7413180;  1 drivers
v0x5593d73e9060_0 .net *"_s3", 0 0, L_0x5593d7413220;  1 drivers
v0x5593d73e9140_0 .net *"_s4", 0 0, L_0x5593d74132c0;  1 drivers
v0x5593d73e9230_0 .net *"_s7", 0 0, L_0x5593d74133b0;  1 drivers
v0x5593d73e9310_0 .net *"_s8", 0 0, L_0x5593d7413450;  1 drivers
v0x5593d73e9440_0 .net "in1", 0 0, L_0x5593d7413760;  1 drivers
v0x5593d73e9500_0 .net "in2", 0 0, L_0x5593d7413a90;  1 drivers
v0x5593d73e95c0_0 .net "in3", 0 0, L_0x5593d7413b80;  1 drivers
v0x5593d73e9680_0 .net "out", 0 0, L_0x5593d7413540;  1 drivers
v0x5593d73e97d0_0 .net "sel", 1 0, v0x5593d73f25a0_0;  alias, 1 drivers
L_0x5593d7413180 .part v0x5593d73f25a0_0, 1, 1;
L_0x5593d7413220 .part v0x5593d73f25a0_0, 0, 1;
L_0x5593d74132c0 .functor MUXZ 1, L_0x5593d7413b80, L_0x5593d7413540, L_0x5593d7413220, C4<>;
L_0x5593d74133b0 .part v0x5593d73f25a0_0, 0, 1;
L_0x5593d7413450 .functor MUXZ 1, L_0x5593d7413760, L_0x5593d7413a90, L_0x5593d74133b0, C4<>;
L_0x5593d7413540 .functor MUXZ 1, L_0x5593d7413450, L_0x5593d74132c0, L_0x5593d7413180, C4<>;
S_0x5593d73e9930 .scope generate, "mux_loop[24]" "mux_loop[24]" 6 15, 6 15 0, S_0x5593d73d3880;
 .timescale 0 0;
P_0x5593d73e9ad0 .param/l "j" 0 6 15, +C4<011000>;
S_0x5593d73e9bb0 .scope module, "m" "mux3to1" 6 16, 6 1 0, S_0x5593d73e9930;
 .timescale 0 0;
    .port_info 0 /OUTPUT 1 "out"
    .port_info 1 /INPUT 2 "sel"
    .port_info 2 /INPUT 1 "in1"
    .port_info 3 /INPUT 1 "in2"
    .port_info 4 /INPUT 1 "in3"
v0x5593d73e9e00_0 .net *"_s1", 0 0, L_0x5593d7413ec0;  1 drivers
v0x5593d73e9f00_0 .net *"_s3", 0 0, L_0x5593d7413f60;  1 drivers
v0x5593d73e9fe0_0 .net *"_s4", 0 0, L_0x5593d7414000;  1 drivers
v0x5593d73ea0d0_0 .net *"_s7", 0 0, L_0x5593d74140f0;  1 drivers
v0x5593d73ea1b0_0 .net *"_s8", 0 0, L_0x5593d7414190;  1 drivers
v0x5593d73ea2e0_0 .net "in1", 0 0, L_0x5593d74144a0;  1 drivers
v0x5593d73ea3a0_0 .net "in2", 0 0, L_0x5593d7414590;  1 drivers
v0x5593d73ea460_0 .net "in3", 0 0, L_0x5593d74148e0;  1 drivers
v0x5593d73ea520_0 .net "out", 0 0, L_0x5593d7414280;  1 drivers
v0x5593d73ea670_0 .net "sel", 1 0, v0x5593d73f25a0_0;  alias, 1 drivers
L_0x5593d7413ec0 .part v0x5593d73f25a0_0, 1, 1;
L_0x5593d7413f60 .part v0x5593d73f25a0_0, 0, 1;
L_0x5593d7414000 .functor MUXZ 1, L_0x5593d74148e0, L_0x5593d7414280, L_0x5593d7413f60, C4<>;
L_0x5593d74140f0 .part v0x5593d73f25a0_0, 0, 1;
L_0x5593d7414190 .functor MUXZ 1, L_0x5593d74144a0, L_0x5593d7414590, L_0x5593d74140f0, C4<>;
L_0x5593d7414280 .functor MUXZ 1, L_0x5593d7414190, L_0x5593d7414000, L_0x5593d7413ec0, C4<>;
S_0x5593d73ea7d0 .scope generate, "mux_loop[25]" "mux_loop[25]" 6 15, 6 15 0, S_0x5593d73d3880;
 .timescale 0 0;
P_0x5593d73ea970 .param/l "j" 0 6 15, +C4<011001>;
S_0x5593d73eaa50 .scope module, "m" "mux3to1" 6 16, 6 1 0, S_0x5593d73ea7d0;
 .timescale 0 0;
    .port_info 0 /OUTPUT 1 "out"
    .port_info 1 /INPUT 2 "sel"
    .port_info 2 /INPUT 1 "in1"
    .port_info 3 /INPUT 1 "in2"
    .port_info 4 /INPUT 1 "in3"
v0x5593d73eaca0_0 .net *"_s1", 0 0, L_0x5593d74149d0;  1 drivers
v0x5593d73eada0_0 .net *"_s3", 0 0, L_0x5593d7414a70;  1 drivers
v0x5593d73eae80_0 .net *"_s4", 0 0, L_0x5593d7414b10;  1 drivers
v0x5593d73eaf70_0 .net *"_s7", 0 0, L_0x5593d7414c00;  1 drivers
v0x5593d73eb050_0 .net *"_s8", 0 0, L_0x5593d7414ca0;  1 drivers
v0x5593d73eb180_0 .net "in1", 0 0, L_0x5593d7414fb0;  1 drivers
v0x5593d73eb240_0 .net "in2", 0 0, L_0x5593d7415310;  1 drivers
v0x5593d73eb300_0 .net "in3", 0 0, L_0x5593d7415400;  1 drivers
v0x5593d73eb3c0_0 .net "out", 0 0, L_0x5593d7414d90;  1 drivers
v0x5593d73eb510_0 .net "sel", 1 0, v0x5593d73f25a0_0;  alias, 1 drivers
L_0x5593d74149d0 .part v0x5593d73f25a0_0, 1, 1;
L_0x5593d7414a70 .part v0x5593d73f25a0_0, 0, 1;
L_0x5593d7414b10 .functor MUXZ 1, L_0x5593d7415400, L_0x5593d7414d90, L_0x5593d7414a70, C4<>;
L_0x5593d7414c00 .part v0x5593d73f25a0_0, 0, 1;
L_0x5593d7414ca0 .functor MUXZ 1, L_0x5593d7414fb0, L_0x5593d7415310, L_0x5593d7414c00, C4<>;
L_0x5593d7414d90 .functor MUXZ 1, L_0x5593d7414ca0, L_0x5593d7414b10, L_0x5593d74149d0, C4<>;
S_0x5593d73eb670 .scope generate, "mux_loop[26]" "mux_loop[26]" 6 15, 6 15 0, S_0x5593d73d3880;
 .timescale 0 0;
P_0x5593d73eb810 .param/l "j" 0 6 15, +C4<011010>;
S_0x5593d73eb8f0 .scope module, "m" "mux3to1" 6 16, 6 1 0, S_0x5593d73eb670;
 .timescale 0 0;
    .port_info 0 /OUTPUT 1 "out"
    .port_info 1 /INPUT 2 "sel"
    .port_info 2 /INPUT 1 "in1"
    .port_info 3 /INPUT 1 "in2"
    .port_info 4 /INPUT 1 "in3"
v0x5593d73ebb40_0 .net *"_s1", 0 0, L_0x5593d7415770;  1 drivers
v0x5593d73ebc40_0 .net *"_s3", 0 0, L_0x5593d7415810;  1 drivers
v0x5593d73ebd20_0 .net *"_s4", 0 0, L_0x5593d74158b0;  1 drivers
v0x5593d73ebe10_0 .net *"_s7", 0 0, L_0x5593d74159a0;  1 drivers
v0x5593d73ebef0_0 .net *"_s8", 0 0, L_0x5593d7415a40;  1 drivers
v0x5593d73ec020_0 .net "in1", 0 0, L_0x5593d7415d50;  1 drivers
v0x5593d73ec0e0_0 .net "in2", 0 0, L_0x5593d7415e40;  1 drivers
v0x5593d73ec1a0_0 .net "in3", 0 0, L_0x5593d74161c0;  1 drivers
v0x5593d73ec260_0 .net "out", 0 0, L_0x5593d7415b30;  1 drivers
v0x5593d73ec3b0_0 .net "sel", 1 0, v0x5593d73f25a0_0;  alias, 1 drivers
L_0x5593d7415770 .part v0x5593d73f25a0_0, 1, 1;
L_0x5593d7415810 .part v0x5593d73f25a0_0, 0, 1;
L_0x5593d74158b0 .functor MUXZ 1, L_0x5593d74161c0, L_0x5593d7415b30, L_0x5593d7415810, C4<>;
L_0x5593d74159a0 .part v0x5593d73f25a0_0, 0, 1;
L_0x5593d7415a40 .functor MUXZ 1, L_0x5593d7415d50, L_0x5593d7415e40, L_0x5593d74159a0, C4<>;
L_0x5593d7415b30 .functor MUXZ 1, L_0x5593d7415a40, L_0x5593d74158b0, L_0x5593d7415770, C4<>;
S_0x5593d73ec510 .scope generate, "mux_loop[27]" "mux_loop[27]" 6 15, 6 15 0, S_0x5593d73d3880;
 .timescale 0 0;
P_0x5593d73ec6b0 .param/l "j" 0 6 15, +C4<011011>;
S_0x5593d73ec790 .scope module, "m" "mux3to1" 6 16, 6 1 0, S_0x5593d73ec510;
 .timescale 0 0;
    .port_info 0 /OUTPUT 1 "out"
    .port_info 1 /INPUT 2 "sel"
    .port_info 2 /INPUT 1 "in1"
    .port_info 3 /INPUT 1 "in2"
    .port_info 4 /INPUT 1 "in3"
v0x5593d73ec9e0_0 .net *"_s1", 0 0, L_0x5593d74162b0;  1 drivers
v0x5593d73ecae0_0 .net *"_s3", 0 0, L_0x5593d7416350;  1 drivers
v0x5593d73ecbc0_0 .net *"_s4", 0 0, L_0x5593d74163f0;  1 drivers
v0x5593d73eccb0_0 .net *"_s7", 0 0, L_0x5593d74164e0;  1 drivers
v0x5593d73ecd90_0 .net *"_s8", 0 0, L_0x5593d7416580;  1 drivers
v0x5593d73ecec0_0 .net "in1", 0 0, L_0x5593d7416890;  1 drivers
v0x5593d73ecf80_0 .net "in2", 0 0, L_0x5593d7416c20;  1 drivers
v0x5593d73ed040_0 .net "in3", 0 0, L_0x5593d7416d10;  1 drivers
v0x5593d73ed100_0 .net "out", 0 0, L_0x5593d7416670;  1 drivers
v0x5593d73ed250_0 .net "sel", 1 0, v0x5593d73f25a0_0;  alias, 1 drivers
L_0x5593d74162b0 .part v0x5593d73f25a0_0, 1, 1;
L_0x5593d7416350 .part v0x5593d73f25a0_0, 0, 1;
L_0x5593d74163f0 .functor MUXZ 1, L_0x5593d7416d10, L_0x5593d7416670, L_0x5593d7416350, C4<>;
L_0x5593d74164e0 .part v0x5593d73f25a0_0, 0, 1;
L_0x5593d7416580 .functor MUXZ 1, L_0x5593d7416890, L_0x5593d7416c20, L_0x5593d74164e0, C4<>;
L_0x5593d7416670 .functor MUXZ 1, L_0x5593d7416580, L_0x5593d74163f0, L_0x5593d74162b0, C4<>;
S_0x5593d73ed3b0 .scope generate, "mux_loop[28]" "mux_loop[28]" 6 15, 6 15 0, S_0x5593d73d3880;
 .timescale 0 0;
P_0x5593d73ed550 .param/l "j" 0 6 15, +C4<011100>;
S_0x5593d73ed630 .scope module, "m" "mux3to1" 6 16, 6 1 0, S_0x5593d73ed3b0;
 .timescale 0 0;
    .port_info 0 /OUTPUT 1 "out"
    .port_info 1 /INPUT 2 "sel"
    .port_info 2 /INPUT 1 "in1"
    .port_info 3 /INPUT 1 "in2"
    .port_info 4 /INPUT 1 "in3"
v0x5593d73ed880_0 .net *"_s1", 0 0, L_0x5593d74170b0;  1 drivers
v0x5593d73ed980_0 .net *"_s3", 0 0, L_0x5593d7417150;  1 drivers
v0x5593d73eda60_0 .net *"_s4", 0 0, L_0x5593d74171f0;  1 drivers
v0x5593d73edb50_0 .net *"_s7", 0 0, L_0x5593d74172e0;  1 drivers
v0x5593d73edc30_0 .net *"_s8", 0 0, L_0x5593d7417380;  1 drivers
v0x5593d73edd60_0 .net "in1", 0 0, L_0x5593d7417690;  1 drivers
v0x5593d73ede20_0 .net "in2", 0 0, L_0x5593d7417780;  1 drivers
v0x5593d73edee0_0 .net "in3", 0 0, L_0x5593d7417f40;  1 drivers
v0x5593d73edfa0_0 .net "out", 0 0, L_0x5593d7417470;  1 drivers
v0x5593d73ee0f0_0 .net "sel", 1 0, v0x5593d73f25a0_0;  alias, 1 drivers
L_0x5593d74170b0 .part v0x5593d73f25a0_0, 1, 1;
L_0x5593d7417150 .part v0x5593d73f25a0_0, 0, 1;
L_0x5593d74171f0 .functor MUXZ 1, L_0x5593d7417f40, L_0x5593d7417470, L_0x5593d7417150, C4<>;
L_0x5593d74172e0 .part v0x5593d73f25a0_0, 0, 1;
L_0x5593d7417380 .functor MUXZ 1, L_0x5593d7417690, L_0x5593d7417780, L_0x5593d74172e0, C4<>;
L_0x5593d7417470 .functor MUXZ 1, L_0x5593d7417380, L_0x5593d74171f0, L_0x5593d74170b0, C4<>;
S_0x5593d73ee250 .scope generate, "mux_loop[29]" "mux_loop[29]" 6 15, 6 15 0, S_0x5593d73d3880;
 .timescale 0 0;
P_0x5593d73ee3f0 .param/l "j" 0 6 15, +C4<011101>;
S_0x5593d73ee4d0 .scope module, "m" "mux3to1" 6 16, 6 1 0, S_0x5593d73ee250;
 .timescale 0 0;
    .port_info 0 /OUTPUT 1 "out"
    .port_info 1 /INPUT 2 "sel"
    .port_info 2 /INPUT 1 "in1"
    .port_info 3 /INPUT 1 "in2"
    .port_info 4 /INPUT 1 "in3"
v0x5593d73ee720_0 .net *"_s1", 0 0, L_0x5593d7418440;  1 drivers
v0x5593d73ee820_0 .net *"_s3", 0 0, L_0x5593d74184e0;  1 drivers
v0x5593d73ee900_0 .net *"_s4", 0 0, L_0x5593d7418580;  1 drivers
v0x5593d73ee9f0_0 .net *"_s7", 0 0, L_0x5593d7418670;  1 drivers
v0x5593d73eead0_0 .net *"_s8", 0 0, L_0x5593d7418710;  1 drivers
v0x5593d73eec00_0 .net "in1", 0 0, L_0x5593d7418a20;  1 drivers
v0x5593d73eecc0_0 .net "in2", 0 0, L_0x5593d7418de0;  1 drivers
v0x5593d73eed80_0 .net "in3", 0 0, L_0x5593d7418ed0;  1 drivers
v0x5593d73eee40_0 .net "out", 0 0, L_0x5593d7418800;  1 drivers
v0x5593d73eef90_0 .net "sel", 1 0, v0x5593d73f25a0_0;  alias, 1 drivers
L_0x5593d7418440 .part v0x5593d73f25a0_0, 1, 1;
L_0x5593d74184e0 .part v0x5593d73f25a0_0, 0, 1;
L_0x5593d7418580 .functor MUXZ 1, L_0x5593d7418ed0, L_0x5593d7418800, L_0x5593d74184e0, C4<>;
L_0x5593d7418670 .part v0x5593d73f25a0_0, 0, 1;
L_0x5593d7418710 .functor MUXZ 1, L_0x5593d7418a20, L_0x5593d7418de0, L_0x5593d7418670, C4<>;
L_0x5593d7418800 .functor MUXZ 1, L_0x5593d7418710, L_0x5593d7418580, L_0x5593d7418440, C4<>;
S_0x5593d73ef0f0 .scope generate, "mux_loop[30]" "mux_loop[30]" 6 15, 6 15 0, S_0x5593d73d3880;
 .timescale 0 0;
P_0x5593d73ef290 .param/l "j" 0 6 15, +C4<011110>;
S_0x5593d73ef370 .scope module, "m" "mux3to1" 6 16, 6 1 0, S_0x5593d73ef0f0;
 .timescale 0 0;
    .port_info 0 /OUTPUT 1 "out"
    .port_info 1 /INPUT 2 "sel"
    .port_info 2 /INPUT 1 "in1"
    .port_info 3 /INPUT 1 "in2"
    .port_info 4 /INPUT 1 "in3"
v0x5593d73ef5c0_0 .net *"_s1", 0 0, L_0x5593d74192a0;  1 drivers
v0x5593d73ef6c0_0 .net *"_s3", 0 0, L_0x5593d7419340;  1 drivers
v0x5593d73ef7a0_0 .net *"_s4", 0 0, L_0x5593d74193e0;  1 drivers
v0x5593d73ef890_0 .net *"_s7", 0 0, L_0x5593d74194d0;  1 drivers
v0x5593d73ef970_0 .net *"_s8", 0 0, L_0x5593d7419570;  1 drivers
v0x5593d73efaa0_0 .net "in1", 0 0, L_0x5593d7419880;  1 drivers
v0x5593d73efb60_0 .net "in2", 0 0, L_0x5593d7419970;  1 drivers
v0x5593d73efc20_0 .net "in3", 0 0, L_0x5593d7419d50;  1 drivers
v0x5593d73efce0_0 .net "out", 0 0, L_0x5593d7419660;  1 drivers
v0x5593d73efe30_0 .net "sel", 1 0, v0x5593d73f25a0_0;  alias, 1 drivers
L_0x5593d74192a0 .part v0x5593d73f25a0_0, 1, 1;
L_0x5593d7419340 .part v0x5593d73f25a0_0, 0, 1;
L_0x5593d74193e0 .functor MUXZ 1, L_0x5593d7419d50, L_0x5593d7419660, L_0x5593d7419340, C4<>;
L_0x5593d74194d0 .part v0x5593d73f25a0_0, 0, 1;
L_0x5593d7419570 .functor MUXZ 1, L_0x5593d7419880, L_0x5593d7419970, L_0x5593d74194d0, C4<>;
L_0x5593d7419660 .functor MUXZ 1, L_0x5593d7419570, L_0x5593d74193e0, L_0x5593d74192a0, C4<>;
S_0x5593d73eff90 .scope generate, "mux_loop[31]" "mux_loop[31]" 6 15, 6 15 0, S_0x5593d73d3880;
 .timescale 0 0;
P_0x5593d73f0130 .param/l "j" 0 6 15, +C4<011111>;
S_0x5593d73f0210 .scope module, "m" "mux3to1" 6 16, 6 1 0, S_0x5593d73eff90;
 .timescale 0 0;
    .port_info 0 /OUTPUT 1 "out"
    .port_info 1 /INPUT 2 "sel"
    .port_info 2 /INPUT 1 "in1"
    .port_info 3 /INPUT 1 "in2"
    .port_info 4 /INPUT 1 "in3"
v0x5593d73f0460_0 .net *"_s1", 0 0, L_0x5593d7419e40;  1 drivers
v0x5593d73f0560_0 .net *"_s3", 0 0, L_0x5593d7408ea0;  1 drivers
v0x5593d73f0640_0 .net *"_s4", 0 0, L_0x5593d7408f40;  1 drivers
v0x5593d73f0730_0 .net *"_s7", 0 0, L_0x5593d7409030;  1 drivers
v0x5593d73f0810_0 .net *"_s8", 0 0, L_0x5593d74090d0;  1 drivers
v0x5593d73f0940_0 .net "in1", 0 0, L_0x5593d74094d0;  1 drivers
v0x5593d73f0a00_0 .net "in2", 0 0, L_0x5593d74095c0;  1 drivers
v0x5593d73f0ac0_0 .net "in3", 0 0, L_0x5593d741b200;  1 drivers
v0x5593d73f0b80_0 .net "out", 0 0, L_0x5593d74091c0;  1 drivers
v0x5593d73f0cd0_0 .net "sel", 1 0, v0x5593d73f25a0_0;  alias, 1 drivers
L_0x5593d7419e40 .part v0x5593d73f25a0_0, 1, 1;
L_0x5593d7408ea0 .part v0x5593d73f25a0_0, 0, 1;
L_0x5593d7408f40 .functor MUXZ 1, L_0x5593d741b200, L_0x5593d74091c0, L_0x5593d7408ea0, C4<>;
L_0x5593d7409030 .part v0x5593d73f25a0_0, 0, 1;
L_0x5593d74090d0 .functor MUXZ 1, L_0x5593d74094d0, L_0x5593d74095c0, L_0x5593d7409030, C4<>;
L_0x5593d74091c0 .functor MUXZ 1, L_0x5593d74090d0, L_0x5593d7408f40, L_0x5593d7419e40, C4<>;
    .scope S_0x5593d738ff00;
T_0 ;
    %vpi_call 2 35 "$monitor", "a:\011%b\012b:\011%b op: %b binvert: %b\012result: %b\012", v0x5593d73f2730_0, v0x5593d73f2860_0, v0x5593d73f25a0_0, v0x5593d73f2300_0, v0x5593d73f2640_0 {0 0 0};
    %pushi/vec4 2779096485, 0, 32;
    %store/vec4 v0x5593d73f2730_0, 0, 32;
    %pushi/vec4 1515870810, 0, 32;
    %store/vec4 v0x5593d73f2860_0, 0, 32;
    %pushi/vec4 0, 0, 2;
    %store/vec4 v0x5593d73f25a0_0, 0, 2;
    %pushi/vec4 0, 0, 1;
    %store/vec4 v0x5593d73f2300_0, 0, 1;
    %pushi/vec4 0, 0, 1;
    %store/vec4 v0x5593d73f24b0_0, 0, 1;
    %delay 100, 0;
    %pushi/vec4 1, 0, 2;
    %store/vec4 v0x5593d73f25a0_0, 0, 2;
    %delay 100, 0;
    %pushi/vec4 2, 0, 2;
    %store/vec4 v0x5593d73f25a0_0, 0, 2;
    %delay 100, 0;
    %pushi/vec4 1, 0, 1;
    %store/vec4 v0x5593d73f2300_0, 0, 1;
    %delay 200, 0;
    %vpi_call 2 44 "$finish" {0 0 0};
    %end;
    .thread T_0;
# The file index is used to find the file name in the following table.
:file_names 7;
    "N/A";
    "<interactive>";
    "alu.v";
    "bit32adder.v";
    "bit32AND.v";
    "bit32or.v";
    "bit32_3to1mux.v";
