#! /usr/bin/vvp
:ivl_version "10.1 (stable)";
:ivl_delay_selection "TYPICAL";
:vpi_time_precision + 0;
:vpi_module "system";
:vpi_module "vhdl_sys";
:vpi_module "v2005_math";
:vpi_module "va_math";
S_0x55d2d2e74ee0 .scope module, "testbench" "testbench" 2 17;
 .timescale 0 0;
v0x55d2d2e9e8e0_0 .var "clk", 0 0;
v0x55d2d2e9e9a0_0 .var "d", 31 0;
v0x55d2d2e9ea60_0 .net "q", 31 0, L_0x55d2d2ea10e0;  1 drivers
v0x55d2d2e9eb60_0 .var "reset", 0 0;
E_0x55d2d2e38f50 .event edge, v0x55d2d2e5dd00_0;
S_0x55d2d2e75060 .scope module, "R" "reg_32bit" 2 23, 2 1 0, S_0x55d2d2e74ee0;
 .timescale 0 0;
    .port_info 0 /OUTPUT 32 "q"
    .port_info 1 /INPUT 32 "d"
    .port_info 2 /INPUT 1 "clk"
    .port_info 3 /INPUT 1 "reset"
v0x55d2d2e9dd10_0 .net "clk", 0 0, v0x55d2d2e9e8e0_0;  1 drivers
v0x55d2d2e9e1e0_0 .net "d", 31 0, v0x55d2d2e9e9a0_0;  1 drivers
v0x55d2d2e9e2c0_0 .net "q", 31 0, L_0x55d2d2ea10e0;  alias, 1 drivers
v0x55d2d2e9e380_0 .net "reset", 0 0, v0x55d2d2e9eb60_0;  1 drivers
L_0x55d2d2e9ec00 .part v0x55d2d2e9e9a0_0, 0, 1;
L_0x55d2d2e9ed20 .part v0x55d2d2e9e9a0_0, 1, 1;
L_0x55d2d2e9edc0 .part v0x55d2d2e9e9a0_0, 2, 1;
L_0x55d2d2e9ee90 .part v0x55d2d2e9e9a0_0, 3, 1;
L_0x55d2d2e9ef90 .part v0x55d2d2e9e9a0_0, 4, 1;
L_0x55d2d2e9f060 .part v0x55d2d2e9e9a0_0, 5, 1;
L_0x55d2d2e9f170 .part v0x55d2d2e9e9a0_0, 6, 1;
L_0x55d2d2e9f210 .part v0x55d2d2e9e9a0_0, 7, 1;
L_0x55d2d2e9f330 .part v0x55d2d2e9e9a0_0, 8, 1;
L_0x55d2d2e9f400 .part v0x55d2d2e9e9a0_0, 9, 1;
L_0x55d2d2e9f530 .part v0x55d2d2e9e9a0_0, 10, 1;
L_0x55d2d2e9f600 .part v0x55d2d2e9e9a0_0, 11, 1;
L_0x55d2d2e9f740 .part v0x55d2d2e9e9a0_0, 12, 1;
L_0x55d2d2e9f810 .part v0x55d2d2e9e9a0_0, 13, 1;
L_0x55d2d2e9f960 .part v0x55d2d2e9e9a0_0, 14, 1;
L_0x55d2d2e9fa30 .part v0x55d2d2e9e9a0_0, 15, 1;
L_0x55d2d2e9fb90 .part v0x55d2d2e9e9a0_0, 16, 1;
L_0x55d2d2e9fc60 .part v0x55d2d2e9e9a0_0, 17, 1;
L_0x55d2d2e9fdd0 .part v0x55d2d2e9e9a0_0, 18, 1;
L_0x55d2d2e9fea0 .part v0x55d2d2e9e9a0_0, 19, 1;
L_0x55d2d2e9fd30 .part v0x55d2d2e9e9a0_0, 20, 1;
L_0x55d2d2ea0050 .part v0x55d2d2e9e9a0_0, 21, 1;
L_0x55d2d2ea01e0 .part v0x55d2d2e9e9a0_0, 22, 1;
L_0x55d2d2ea02b0 .part v0x55d2d2e9e9a0_0, 23, 1;
L_0x55d2d2ea0450 .part v0x55d2d2e9e9a0_0, 24, 1;
L_0x55d2d2ea0520 .part v0x55d2d2e9e9a0_0, 25, 1;
L_0x55d2d2ea06d0 .part v0x55d2d2e9e9a0_0, 26, 1;
L_0x55d2d2ea07a0 .part v0x55d2d2e9e9a0_0, 27, 1;
L_0x55d2d2ea0960 .part v0x55d2d2e9e9a0_0, 28, 1;
L_0x55d2d2ea0a30 .part v0x55d2d2e9e9a0_0, 29, 1;
L_0x55d2d2ea0c00 .part v0x55d2d2e9e9a0_0, 30, 1;
LS_0x55d2d2ea10e0_0_0 .concat8 [ 1 1 1 1], v0x55d2d2e5c2c0_0, v0x55d2d2e8d730_0, v0x55d2d2e8dee0_0, v0x55d2d2e8e6f0_0;
LS_0x55d2d2ea10e0_0_4 .concat8 [ 1 1 1 1], v0x55d2d2e8ef50_0, v0x55d2d2e8f6f0_0, v0x55d2d2e8ff30_0, v0x55d2d2e907e0_0;
LS_0x55d2d2ea10e0_0_8 .concat8 [ 1 1 1 1], v0x55d2d2e910d0_0, v0x55d2d2e91980_0, v0x55d2d2e92230_0, v0x55d2d2e92ae0_0;
LS_0x55d2d2ea10e0_0_12 .concat8 [ 1 1 1 1], v0x55d2d2e93390_0, v0x55d2d2e93c40_0, v0x55d2d2e944f0_0, v0x55d2d2e94da0_0;
LS_0x55d2d2ea10e0_0_16 .concat8 [ 1 1 1 1], v0x55d2d2e95970_0, v0x55d2d2e96220_0, v0x55d2d2e96ad0_0, v0x55d2d2e97380_0;
LS_0x55d2d2ea10e0_0_20 .concat8 [ 1 1 1 1], v0x55d2d2e97c30_0, v0x55d2d2e984e0_0, v0x55d2d2e98d90_0, v0x55d2d2e99640_0;
LS_0x55d2d2ea10e0_0_24 .concat8 [ 1 1 1 1], v0x55d2d2e99ef0_0, v0x55d2d2e9a7a0_0, v0x55d2d2e9b050_0, v0x55d2d2e9b900_0;
LS_0x55d2d2ea10e0_0_28 .concat8 [ 1 1 1 1], v0x55d2d2e9c1b0_0, v0x55d2d2e9ca60_0, v0x55d2d2e9d310_0, v0x55d2d2e9dbc0_0;
LS_0x55d2d2ea10e0_1_0 .concat8 [ 4 4 4 4], LS_0x55d2d2ea10e0_0_0, LS_0x55d2d2ea10e0_0_4, LS_0x55d2d2ea10e0_0_8, LS_0x55d2d2ea10e0_0_12;
LS_0x55d2d2ea10e0_1_4 .concat8 [ 4 4 4 4], LS_0x55d2d2ea10e0_0_16, LS_0x55d2d2ea10e0_0_20, LS_0x55d2d2ea10e0_0_24, LS_0x55d2d2ea10e0_0_28;
L_0x55d2d2ea10e0 .concat8 [ 16 16 0 0], LS_0x55d2d2ea10e0_1_0, LS_0x55d2d2ea10e0_1_4;
L_0x55d2d2ea1800 .part v0x55d2d2e9e9a0_0, 31, 1;
S_0x55d2d2e751e0 .scope generate, "abc[0]" "abc[0]" 2 9, 2 9 0, S_0x55d2d2e75060;
 .timescale 0 0;
P_0x55d2d2e61cf0 .param/l "i" 0 2 9, +C4<00>;
S_0x55d2d2e75360 .scope module, "df" "d_ff" 2 10, 3 1 0, S_0x55d2d2e751e0;
 .timescale 0 0;
    .port_info 0 /OUTPUT 1 "q"
    .port_info 1 /INPUT 1 "d"
    .port_info 2 /INPUT 1 "clock"
    .port_info 3 /INPUT 1 "clear_"
v0x55d2d2e6e380_0 .net "clear_", 0 0, v0x55d2d2e9eb60_0;  alias, 1 drivers
v0x55d2d2e5dd00_0 .net "clock", 0 0, v0x55d2d2e9e8e0_0;  alias, 1 drivers
v0x55d2d2e5cfe0_0 .net "d", 0 0, L_0x55d2d2e9ec00;  1 drivers
v0x55d2d2e5c2c0_0 .var "q", 0 0;
E_0x55d2d2e39060 .event negedge, v0x55d2d2e5dd00_0;
S_0x55d2d2e8d300 .scope generate, "abc[1]" "abc[1]" 2 9, 2 9 0, S_0x55d2d2e75060;
 .timescale 0 0;
P_0x55d2d2e62a10 .param/l "i" 0 2 9, +C4<01>;
S_0x55d2d2e8d530 .scope module, "df" "d_ff" 2 10, 3 1 0, S_0x55d2d2e8d300;
 .timescale 0 0;
    .port_info 0 /OUTPUT 1 "q"
    .port_info 1 /INPUT 1 "d"
    .port_info 2 /INPUT 1 "clock"
    .port_info 3 /INPUT 1 "clear_"
v0x55d2d2e5b5a0_0 .net "clear_", 0 0, v0x55d2d2e9eb60_0;  alias, 1 drivers
v0x55d2d2e5a880_0 .net "clock", 0 0, v0x55d2d2e9e8e0_0;  alias, 1 drivers
v0x55d2d2e59990_0 .net "d", 0 0, L_0x55d2d2e9ed20;  1 drivers
v0x55d2d2e8d730_0 .var "q", 0 0;
S_0x55d2d2e8d860 .scope generate, "abc[2]" "abc[2]" 2 9, 2 9 0, S_0x55d2d2e75060;
 .timescale 0 0;
P_0x55d2d2e65170 .param/l "i" 0 2 9, +C4<010>;
S_0x55d2d2e8da70 .scope module, "df" "d_ff" 2 10, 3 1 0, S_0x55d2d2e8d860;
 .timescale 0 0;
    .port_info 0 /OUTPUT 1 "q"
    .port_info 1 /INPUT 1 "d"
    .port_info 2 /INPUT 1 "clock"
    .port_info 3 /INPUT 1 "clear_"
v0x55d2d2e8dc20_0 .net "clear_", 0 0, v0x55d2d2e9eb60_0;  alias, 1 drivers
v0x55d2d2e8dd30_0 .net "clock", 0 0, v0x55d2d2e9e8e0_0;  alias, 1 drivers
v0x55d2d2e8de40_0 .net "d", 0 0, L_0x55d2d2e9edc0;  1 drivers
v0x55d2d2e8dee0_0 .var "q", 0 0;
S_0x55d2d2e8e000 .scope generate, "abc[3]" "abc[3]" 2 9, 2 9 0, S_0x55d2d2e75060;
 .timescale 0 0;
P_0x55d2d2e8e1f0 .param/l "i" 0 2 9, +C4<011>;
S_0x55d2d2e8e2d0 .scope module, "df" "d_ff" 2 10, 3 1 0, S_0x55d2d2e8e000;
 .timescale 0 0;
    .port_info 0 /OUTPUT 1 "q"
    .port_info 1 /INPUT 1 "d"
    .port_info 2 /INPUT 1 "clock"
    .port_info 3 /INPUT 1 "clear_"
v0x55d2d2e8e4a0_0 .net "clear_", 0 0, v0x55d2d2e9eb60_0;  alias, 1 drivers
v0x55d2d2e8e560_0 .net "clock", 0 0, v0x55d2d2e9e8e0_0;  alias, 1 drivers
v0x55d2d2e8e620_0 .net "d", 0 0, L_0x55d2d2e9ee90;  1 drivers
v0x55d2d2e8e6f0_0 .var "q", 0 0;
S_0x55d2d2e8e840 .scope generate, "abc[4]" "abc[4]" 2 9, 2 9 0, S_0x55d2d2e75060;
 .timescale 0 0;
P_0x55d2d2e8ea80 .param/l "i" 0 2 9, +C4<0100>;
S_0x55d2d2e8eb60 .scope module, "df" "d_ff" 2 10, 3 1 0, S_0x55d2d2e8e840;
 .timescale 0 0;
    .port_info 0 /OUTPUT 1 "q"
    .port_info 1 /INPUT 1 "d"
    .port_info 2 /INPUT 1 "clock"
    .port_info 3 /INPUT 1 "clear_"
v0x55d2d2e8ed30_0 .net "clear_", 0 0, v0x55d2d2e9eb60_0;  alias, 1 drivers
v0x55d2d2e8edf0_0 .net "clock", 0 0, v0x55d2d2e9e8e0_0;  alias, 1 drivers
v0x55d2d2e8eeb0_0 .net "d", 0 0, L_0x55d2d2e9ef90;  1 drivers
v0x55d2d2e8ef50_0 .var "q", 0 0;
S_0x55d2d2e8f0a0 .scope generate, "abc[5]" "abc[5]" 2 9, 2 9 0, S_0x55d2d2e75060;
 .timescale 0 0;
P_0x55d2d2e8dce0 .param/l "i" 0 2 9, +C4<0101>;
S_0x55d2d2e8f2d0 .scope module, "df" "d_ff" 2 10, 3 1 0, S_0x55d2d2e8f0a0;
 .timescale 0 0;
    .port_info 0 /OUTPUT 1 "q"
    .port_info 1 /INPUT 1 "d"
    .port_info 2 /INPUT 1 "clock"
    .port_info 3 /INPUT 1 "clear_"
v0x55d2d2e8f4a0_0 .net "clear_", 0 0, v0x55d2d2e9eb60_0;  alias, 1 drivers
v0x55d2d2e8f560_0 .net "clock", 0 0, v0x55d2d2e9e8e0_0;  alias, 1 drivers
v0x55d2d2e8f620_0 .net "d", 0 0, L_0x55d2d2e9f060;  1 drivers
v0x55d2d2e8f6f0_0 .var "q", 0 0;
S_0x55d2d2e8f840 .scope generate, "abc[6]" "abc[6]" 2 9, 2 9 0, S_0x55d2d2e75060;
 .timescale 0 0;
P_0x55d2d2e8fa30 .param/l "i" 0 2 9, +C4<0110>;
S_0x55d2d2e8fb10 .scope module, "df" "d_ff" 2 10, 3 1 0, S_0x55d2d2e8f840;
 .timescale 0 0;
    .port_info 0 /OUTPUT 1 "q"
    .port_info 1 /INPUT 1 "d"
    .port_info 2 /INPUT 1 "clock"
    .port_info 3 /INPUT 1 "clear_"
v0x55d2d2e8fce0_0 .net "clear_", 0 0, v0x55d2d2e9eb60_0;  alias, 1 drivers
v0x55d2d2e8fda0_0 .net "clock", 0 0, v0x55d2d2e9e8e0_0;  alias, 1 drivers
v0x55d2d2e8fe60_0 .net "d", 0 0, L_0x55d2d2e9f170;  1 drivers
v0x55d2d2e8ff30_0 .var "q", 0 0;
S_0x55d2d2e90080 .scope generate, "abc[7]" "abc[7]" 2 9, 2 9 0, S_0x55d2d2e75060;
 .timescale 0 0;
P_0x55d2d2e90270 .param/l "i" 0 2 9, +C4<0111>;
S_0x55d2d2e90350 .scope module, "df" "d_ff" 2 10, 3 1 0, S_0x55d2d2e90080;
 .timescale 0 0;
    .port_info 0 /OUTPUT 1 "q"
    .port_info 1 /INPUT 1 "d"
    .port_info 2 /INPUT 1 "clock"
    .port_info 3 /INPUT 1 "clear_"
v0x55d2d2e90590_0 .net "clear_", 0 0, v0x55d2d2e9eb60_0;  alias, 1 drivers
v0x55d2d2e90650_0 .net "clock", 0 0, v0x55d2d2e9e8e0_0;  alias, 1 drivers
v0x55d2d2e90710_0 .net "d", 0 0, L_0x55d2d2e9f210;  1 drivers
v0x55d2d2e907e0_0 .var "q", 0 0;
S_0x55d2d2e90930 .scope generate, "abc[8]" "abc[8]" 2 9, 2 9 0, S_0x55d2d2e75060;
 .timescale 0 0;
P_0x55d2d2e8ea30 .param/l "i" 0 2 9, +C4<01000>;
S_0x55d2d2e90c40 .scope module, "df" "d_ff" 2 10, 3 1 0, S_0x55d2d2e90930;
 .timescale 0 0;
    .port_info 0 /OUTPUT 1 "q"
    .port_info 1 /INPUT 1 "d"
    .port_info 2 /INPUT 1 "clock"
    .port_info 3 /INPUT 1 "clear_"
v0x55d2d2e90e80_0 .net "clear_", 0 0, v0x55d2d2e9eb60_0;  alias, 1 drivers
v0x55d2d2e90f40_0 .net "clock", 0 0, v0x55d2d2e9e8e0_0;  alias, 1 drivers
v0x55d2d2e91000_0 .net "d", 0 0, L_0x55d2d2e9f330;  1 drivers
v0x55d2d2e910d0_0 .var "q", 0 0;
S_0x55d2d2e91220 .scope generate, "abc[9]" "abc[9]" 2 9, 2 9 0, S_0x55d2d2e75060;
 .timescale 0 0;
P_0x55d2d2e91410 .param/l "i" 0 2 9, +C4<01001>;
S_0x55d2d2e914f0 .scope module, "df" "d_ff" 2 10, 3 1 0, S_0x55d2d2e91220;
 .timescale 0 0;
    .port_info 0 /OUTPUT 1 "q"
    .port_info 1 /INPUT 1 "d"
    .port_info 2 /INPUT 1 "clock"
    .port_info 3 /INPUT 1 "clear_"
v0x55d2d2e91730_0 .net "clear_", 0 0, v0x55d2d2e9eb60_0;  alias, 1 drivers
v0x55d2d2e917f0_0 .net "clock", 0 0, v0x55d2d2e9e8e0_0;  alias, 1 drivers
v0x55d2d2e918b0_0 .net "d", 0 0, L_0x55d2d2e9f400;  1 drivers
v0x55d2d2e91980_0 .var "q", 0 0;
S_0x55d2d2e91ad0 .scope generate, "abc[10]" "abc[10]" 2 9, 2 9 0, S_0x55d2d2e75060;
 .timescale 0 0;
P_0x55d2d2e91cc0 .param/l "i" 0 2 9, +C4<01010>;
S_0x55d2d2e91da0 .scope module, "df" "d_ff" 2 10, 3 1 0, S_0x55d2d2e91ad0;
 .timescale 0 0;
    .port_info 0 /OUTPUT 1 "q"
    .port_info 1 /INPUT 1 "d"
    .port_info 2 /INPUT 1 "clock"
    .port_info 3 /INPUT 1 "clear_"
v0x55d2d2e91fe0_0 .net "clear_", 0 0, v0x55d2d2e9eb60_0;  alias, 1 drivers
v0x55d2d2e920a0_0 .net "clock", 0 0, v0x55d2d2e9e8e0_0;  alias, 1 drivers
v0x55d2d2e92160_0 .net "d", 0 0, L_0x55d2d2e9f530;  1 drivers
v0x55d2d2e92230_0 .var "q", 0 0;
S_0x55d2d2e92380 .scope generate, "abc[11]" "abc[11]" 2 9, 2 9 0, S_0x55d2d2e75060;
 .timescale 0 0;
P_0x55d2d2e92570 .param/l "i" 0 2 9, +C4<01011>;
S_0x55d2d2e92650 .scope module, "df" "d_ff" 2 10, 3 1 0, S_0x55d2d2e92380;
 .timescale 0 0;
    .port_info 0 /OUTPUT 1 "q"
    .port_info 1 /INPUT 1 "d"
    .port_info 2 /INPUT 1 "clock"
    .port_info 3 /INPUT 1 "clear_"
v0x55d2d2e92890_0 .net "clear_", 0 0, v0x55d2d2e9eb60_0;  alias, 1 drivers
v0x55d2d2e92950_0 .net "clock", 0 0, v0x55d2d2e9e8e0_0;  alias, 1 drivers
v0x55d2d2e92a10_0 .net "d", 0 0, L_0x55d2d2e9f600;  1 drivers
v0x55d2d2e92ae0_0 .var "q", 0 0;
S_0x55d2d2e92c30 .scope generate, "abc[12]" "abc[12]" 2 9, 2 9 0, S_0x55d2d2e75060;
 .timescale 0 0;
P_0x55d2d2e92e20 .param/l "i" 0 2 9, +C4<01100>;
S_0x55d2d2e92f00 .scope module, "df" "d_ff" 2 10, 3 1 0, S_0x55d2d2e92c30;
 .timescale 0 0;
    .port_info 0 /OUTPUT 1 "q"
    .port_info 1 /INPUT 1 "d"
    .port_info 2 /INPUT 1 "clock"
    .port_info 3 /INPUT 1 "clear_"
v0x55d2d2e93140_0 .net "clear_", 0 0, v0x55d2d2e9eb60_0;  alias, 1 drivers
v0x55d2d2e93200_0 .net "clock", 0 0, v0x55d2d2e9e8e0_0;  alias, 1 drivers
v0x55d2d2e932c0_0 .net "d", 0 0, L_0x55d2d2e9f740;  1 drivers
v0x55d2d2e93390_0 .var "q", 0 0;
S_0x55d2d2e934e0 .scope generate, "abc[13]" "abc[13]" 2 9, 2 9 0, S_0x55d2d2e75060;
 .timescale 0 0;
P_0x55d2d2e936d0 .param/l "i" 0 2 9, +C4<01101>;
S_0x55d2d2e937b0 .scope module, "df" "d_ff" 2 10, 3 1 0, S_0x55d2d2e934e0;
 .timescale 0 0;
    .port_info 0 /OUTPUT 1 "q"
    .port_info 1 /INPUT 1 "d"
    .port_info 2 /INPUT 1 "clock"
    .port_info 3 /INPUT 1 "clear_"
v0x55d2d2e939f0_0 .net "clear_", 0 0, v0x55d2d2e9eb60_0;  alias, 1 drivers
v0x55d2d2e93ab0_0 .net "clock", 0 0, v0x55d2d2e9e8e0_0;  alias, 1 drivers
v0x55d2d2e93b70_0 .net "d", 0 0, L_0x55d2d2e9f810;  1 drivers
v0x55d2d2e93c40_0 .var "q", 0 0;
S_0x55d2d2e93d90 .scope generate, "abc[14]" "abc[14]" 2 9, 2 9 0, S_0x55d2d2e75060;
 .timescale 0 0;
P_0x55d2d2e93f80 .param/l "i" 0 2 9, +C4<01110>;
S_0x55d2d2e94060 .scope module, "df" "d_ff" 2 10, 3 1 0, S_0x55d2d2e93d90;
 .timescale 0 0;
    .port_info 0 /OUTPUT 1 "q"
    .port_info 1 /INPUT 1 "d"
    .port_info 2 /INPUT 1 "clock"
    .port_info 3 /INPUT 1 "clear_"
v0x55d2d2e942a0_0 .net "clear_", 0 0, v0x55d2d2e9eb60_0;  alias, 1 drivers
v0x55d2d2e94360_0 .net "clock", 0 0, v0x55d2d2e9e8e0_0;  alias, 1 drivers
v0x55d2d2e94420_0 .net "d", 0 0, L_0x55d2d2e9f960;  1 drivers
v0x55d2d2e944f0_0 .var "q", 0 0;
S_0x55d2d2e94640 .scope generate, "abc[15]" "abc[15]" 2 9, 2 9 0, S_0x55d2d2e75060;
 .timescale 0 0;
P_0x55d2d2e94830 .param/l "i" 0 2 9, +C4<01111>;
S_0x55d2d2e94910 .scope module, "df" "d_ff" 2 10, 3 1 0, S_0x55d2d2e94640;
 .timescale 0 0;
    .port_info 0 /OUTPUT 1 "q"
    .port_info 1 /INPUT 1 "d"
    .port_info 2 /INPUT 1 "clock"
    .port_info 3 /INPUT 1 "clear_"
v0x55d2d2e94b50_0 .net "clear_", 0 0, v0x55d2d2e9eb60_0;  alias, 1 drivers
v0x55d2d2e94c10_0 .net "clock", 0 0, v0x55d2d2e9e8e0_0;  alias, 1 drivers
v0x55d2d2e94cd0_0 .net "d", 0 0, L_0x55d2d2e9fa30;  1 drivers
v0x55d2d2e94da0_0 .var "q", 0 0;
S_0x55d2d2e94ef0 .scope generate, "abc[16]" "abc[16]" 2 9, 2 9 0, S_0x55d2d2e75060;
 .timescale 0 0;
P_0x55d2d2e951f0 .param/l "i" 0 2 9, +C4<010000>;
S_0x55d2d2e952d0 .scope module, "df" "d_ff" 2 10, 3 1 0, S_0x55d2d2e94ef0;
 .timescale 0 0;
    .port_info 0 /OUTPUT 1 "q"
    .port_info 1 /INPUT 1 "d"
    .port_info 2 /INPUT 1 "clock"
    .port_info 3 /INPUT 1 "clear_"
v0x55d2d2e95510_0 .net "clear_", 0 0, v0x55d2d2e9eb60_0;  alias, 1 drivers
v0x55d2d2e955d0_0 .net "clock", 0 0, v0x55d2d2e9e8e0_0;  alias, 1 drivers
v0x55d2d2e958a0_0 .net "d", 0 0, L_0x55d2d2e9fb90;  1 drivers
v0x55d2d2e95970_0 .var "q", 0 0;
S_0x55d2d2e95ac0 .scope generate, "abc[17]" "abc[17]" 2 9, 2 9 0, S_0x55d2d2e75060;
 .timescale 0 0;
P_0x55d2d2e95cb0 .param/l "i" 0 2 9, +C4<010001>;
S_0x55d2d2e95d90 .scope module, "df" "d_ff" 2 10, 3 1 0, S_0x55d2d2e95ac0;
 .timescale 0 0;
    .port_info 0 /OUTPUT 1 "q"
    .port_info 1 /INPUT 1 "d"
    .port_info 2 /INPUT 1 "clock"
    .port_info 3 /INPUT 1 "clear_"
v0x55d2d2e95fd0_0 .net "clear_", 0 0, v0x55d2d2e9eb60_0;  alias, 1 drivers
v0x55d2d2e96090_0 .net "clock", 0 0, v0x55d2d2e9e8e0_0;  alias, 1 drivers
v0x55d2d2e96150_0 .net "d", 0 0, L_0x55d2d2e9fc60;  1 drivers
v0x55d2d2e96220_0 .var "q", 0 0;
S_0x55d2d2e96370 .scope generate, "abc[18]" "abc[18]" 2 9, 2 9 0, S_0x55d2d2e75060;
 .timescale 0 0;
P_0x55d2d2e96560 .param/l "i" 0 2 9, +C4<010010>;
S_0x55d2d2e96640 .scope module, "df" "d_ff" 2 10, 3 1 0, S_0x55d2d2e96370;
 .timescale 0 0;
    .port_info 0 /OUTPUT 1 "q"
    .port_info 1 /INPUT 1 "d"
    .port_info 2 /INPUT 1 "clock"
    .port_info 3 /INPUT 1 "clear_"
v0x55d2d2e96880_0 .net "clear_", 0 0, v0x55d2d2e9eb60_0;  alias, 1 drivers
v0x55d2d2e96940_0 .net "clock", 0 0, v0x55d2d2e9e8e0_0;  alias, 1 drivers
v0x55d2d2e96a00_0 .net "d", 0 0, L_0x55d2d2e9fdd0;  1 drivers
v0x55d2d2e96ad0_0 .var "q", 0 0;
S_0x55d2d2e96c20 .scope generate, "abc[19]" "abc[19]" 2 9, 2 9 0, S_0x55d2d2e75060;
 .timescale 0 0;
P_0x55d2d2e96e10 .param/l "i" 0 2 9, +C4<010011>;
S_0x55d2d2e96ef0 .scope module, "df" "d_ff" 2 10, 3 1 0, S_0x55d2d2e96c20;
 .timescale 0 0;
    .port_info 0 /OUTPUT 1 "q"
    .port_info 1 /INPUT 1 "d"
    .port_info 2 /INPUT 1 "clock"
    .port_info 3 /INPUT 1 "clear_"
v0x55d2d2e97130_0 .net "clear_", 0 0, v0x55d2d2e9eb60_0;  alias, 1 drivers
v0x55d2d2e971f0_0 .net "clock", 0 0, v0x55d2d2e9e8e0_0;  alias, 1 drivers
v0x55d2d2e972b0_0 .net "d", 0 0, L_0x55d2d2e9fea0;  1 drivers
v0x55d2d2e97380_0 .var "q", 0 0;
S_0x55d2d2e974d0 .scope generate, "abc[20]" "abc[20]" 2 9, 2 9 0, S_0x55d2d2e75060;
 .timescale 0 0;
P_0x55d2d2e976c0 .param/l "i" 0 2 9, +C4<010100>;
S_0x55d2d2e977a0 .scope module, "df" "d_ff" 2 10, 3 1 0, S_0x55d2d2e974d0;
 .timescale 0 0;
    .port_info 0 /OUTPUT 1 "q"
    .port_info 1 /INPUT 1 "d"
    .port_info 2 /INPUT 1 "clock"
    .port_info 3 /INPUT 1 "clear_"
v0x55d2d2e979e0_0 .net "clear_", 0 0, v0x55d2d2e9eb60_0;  alias, 1 drivers
v0x55d2d2e97aa0_0 .net "clock", 0 0, v0x55d2d2e9e8e0_0;  alias, 1 drivers
v0x55d2d2e97b60_0 .net "d", 0 0, L_0x55d2d2e9fd30;  1 drivers
v0x55d2d2e97c30_0 .var "q", 0 0;
S_0x55d2d2e97d80 .scope generate, "abc[21]" "abc[21]" 2 9, 2 9 0, S_0x55d2d2e75060;
 .timescale 0 0;
P_0x55d2d2e97f70 .param/l "i" 0 2 9, +C4<010101>;
S_0x55d2d2e98050 .scope module, "df" "d_ff" 2 10, 3 1 0, S_0x55d2d2e97d80;
 .timescale 0 0;
    .port_info 0 /OUTPUT 1 "q"
    .port_info 1 /INPUT 1 "d"
    .port_info 2 /INPUT 1 "clock"
    .port_info 3 /INPUT 1 "clear_"
v0x55d2d2e98290_0 .net "clear_", 0 0, v0x55d2d2e9eb60_0;  alias, 1 drivers
v0x55d2d2e98350_0 .net "clock", 0 0, v0x55d2d2e9e8e0_0;  alias, 1 drivers
v0x55d2d2e98410_0 .net "d", 0 0, L_0x55d2d2ea0050;  1 drivers
v0x55d2d2e984e0_0 .var "q", 0 0;
S_0x55d2d2e98630 .scope generate, "abc[22]" "abc[22]" 2 9, 2 9 0, S_0x55d2d2e75060;
 .timescale 0 0;
P_0x55d2d2e98820 .param/l "i" 0 2 9, +C4<010110>;
S_0x55d2d2e98900 .scope module, "df" "d_ff" 2 10, 3 1 0, S_0x55d2d2e98630;
 .timescale 0 0;
    .port_info 0 /OUTPUT 1 "q"
    .port_info 1 /INPUT 1 "d"
    .port_info 2 /INPUT 1 "clock"
    .port_info 3 /INPUT 1 "clear_"
v0x55d2d2e98b40_0 .net "clear_", 0 0, v0x55d2d2e9eb60_0;  alias, 1 drivers
v0x55d2d2e98c00_0 .net "clock", 0 0, v0x55d2d2e9e8e0_0;  alias, 1 drivers
v0x55d2d2e98cc0_0 .net "d", 0 0, L_0x55d2d2ea01e0;  1 drivers
v0x55d2d2e98d90_0 .var "q", 0 0;
S_0x55d2d2e98ee0 .scope generate, "abc[23]" "abc[23]" 2 9, 2 9 0, S_0x55d2d2e75060;
 .timescale 0 0;
P_0x55d2d2e990d0 .param/l "i" 0 2 9, +C4<010111>;
S_0x55d2d2e991b0 .scope module, "df" "d_ff" 2 10, 3 1 0, S_0x55d2d2e98ee0;
 .timescale 0 0;
    .port_info 0 /OUTPUT 1 "q"
    .port_info 1 /INPUT 1 "d"
    .port_info 2 /INPUT 1 "clock"
    .port_info 3 /INPUT 1 "clear_"
v0x55d2d2e993f0_0 .net "clear_", 0 0, v0x55d2d2e9eb60_0;  alias, 1 drivers
v0x55d2d2e994b0_0 .net "clock", 0 0, v0x55d2d2e9e8e0_0;  alias, 1 drivers
v0x55d2d2e99570_0 .net "d", 0 0, L_0x55d2d2ea02b0;  1 drivers
v0x55d2d2e99640_0 .var "q", 0 0;
S_0x55d2d2e99790 .scope generate, "abc[24]" "abc[24]" 2 9, 2 9 0, S_0x55d2d2e75060;
 .timescale 0 0;
P_0x55d2d2e99980 .param/l "i" 0 2 9, +C4<011000>;
S_0x55d2d2e99a60 .scope module, "df" "d_ff" 2 10, 3 1 0, S_0x55d2d2e99790;
 .timescale 0 0;
    .port_info 0 /OUTPUT 1 "q"
    .port_info 1 /INPUT 1 "d"
    .port_info 2 /INPUT 1 "clock"
    .port_info 3 /INPUT 1 "clear_"
v0x55d2d2e99ca0_0 .net "clear_", 0 0, v0x55d2d2e9eb60_0;  alias, 1 drivers
v0x55d2d2e99d60_0 .net "clock", 0 0, v0x55d2d2e9e8e0_0;  alias, 1 drivers
v0x55d2d2e99e20_0 .net "d", 0 0, L_0x55d2d2ea0450;  1 drivers
v0x55d2d2e99ef0_0 .var "q", 0 0;
S_0x55d2d2e9a040 .scope generate, "abc[25]" "abc[25]" 2 9, 2 9 0, S_0x55d2d2e75060;
 .timescale 0 0;
P_0x55d2d2e9a230 .param/l "i" 0 2 9, +C4<011001>;
S_0x55d2d2e9a310 .scope module, "df" "d_ff" 2 10, 3 1 0, S_0x55d2d2e9a040;
 .timescale 0 0;
    .port_info 0 /OUTPUT 1 "q"
    .port_info 1 /INPUT 1 "d"
    .port_info 2 /INPUT 1 "clock"
    .port_info 3 /INPUT 1 "clear_"
v0x55d2d2e9a550_0 .net "clear_", 0 0, v0x55d2d2e9eb60_0;  alias, 1 drivers
v0x55d2d2e9a610_0 .net "clock", 0 0, v0x55d2d2e9e8e0_0;  alias, 1 drivers
v0x55d2d2e9a6d0_0 .net "d", 0 0, L_0x55d2d2ea0520;  1 drivers
v0x55d2d2e9a7a0_0 .var "q", 0 0;
S_0x55d2d2e9a8f0 .scope generate, "abc[26]" "abc[26]" 2 9, 2 9 0, S_0x55d2d2e75060;
 .timescale 0 0;
P_0x55d2d2e9aae0 .param/l "i" 0 2 9, +C4<011010>;
S_0x55d2d2e9abc0 .scope module, "df" "d_ff" 2 10, 3 1 0, S_0x55d2d2e9a8f0;
 .timescale 0 0;
    .port_info 0 /OUTPUT 1 "q"
    .port_info 1 /INPUT 1 "d"
    .port_info 2 /INPUT 1 "clock"
    .port_info 3 /INPUT 1 "clear_"
v0x55d2d2e9ae00_0 .net "clear_", 0 0, v0x55d2d2e9eb60_0;  alias, 1 drivers
v0x55d2d2e9aec0_0 .net "clock", 0 0, v0x55d2d2e9e8e0_0;  alias, 1 drivers
v0x55d2d2e9af80_0 .net "d", 0 0, L_0x55d2d2ea06d0;  1 drivers
v0x55d2d2e9b050_0 .var "q", 0 0;
S_0x55d2d2e9b1a0 .scope generate, "abc[27]" "abc[27]" 2 9, 2 9 0, S_0x55d2d2e75060;
 .timescale 0 0;
P_0x55d2d2e9b390 .param/l "i" 0 2 9, +C4<011011>;
S_0x55d2d2e9b470 .scope module, "df" "d_ff" 2 10, 3 1 0, S_0x55d2d2e9b1a0;
 .timescale 0 0;
    .port_info 0 /OUTPUT 1 "q"
    .port_info 1 /INPUT 1 "d"
    .port_info 2 /INPUT 1 "clock"
    .port_info 3 /INPUT 1 "clear_"
v0x55d2d2e9b6b0_0 .net "clear_", 0 0, v0x55d2d2e9eb60_0;  alias, 1 drivers
v0x55d2d2e9b770_0 .net "clock", 0 0, v0x55d2d2e9e8e0_0;  alias, 1 drivers
v0x55d2d2e9b830_0 .net "d", 0 0, L_0x55d2d2ea07a0;  1 drivers
v0x55d2d2e9b900_0 .var "q", 0 0;
S_0x55d2d2e9ba50 .scope generate, "abc[28]" "abc[28]" 2 9, 2 9 0, S_0x55d2d2e75060;
 .timescale 0 0;
P_0x55d2d2e9bc40 .param/l "i" 0 2 9, +C4<011100>;
S_0x55d2d2e9bd20 .scope module, "df" "d_ff" 2 10, 3 1 0, S_0x55d2d2e9ba50;
 .timescale 0 0;
    .port_info 0 /OUTPUT 1 "q"
    .port_info 1 /INPUT 1 "d"
    .port_info 2 /INPUT 1 "clock"
    .port_info 3 /INPUT 1 "clear_"
v0x55d2d2e9bf60_0 .net "clear_", 0 0, v0x55d2d2e9eb60_0;  alias, 1 drivers
v0x55d2d2e9c020_0 .net "clock", 0 0, v0x55d2d2e9e8e0_0;  alias, 1 drivers
v0x55d2d2e9c0e0_0 .net "d", 0 0, L_0x55d2d2ea0960;  1 drivers
v0x55d2d2e9c1b0_0 .var "q", 0 0;
S_0x55d2d2e9c300 .scope generate, "abc[29]" "abc[29]" 2 9, 2 9 0, S_0x55d2d2e75060;
 .timescale 0 0;
P_0x55d2d2e9c4f0 .param/l "i" 0 2 9, +C4<011101>;
S_0x55d2d2e9c5d0 .scope module, "df" "d_ff" 2 10, 3 1 0, S_0x55d2d2e9c300;
 .timescale 0 0;
    .port_info 0 /OUTPUT 1 "q"
    .port_info 1 /INPUT 1 "d"
    .port_info 2 /INPUT 1 "clock"
    .port_info 3 /INPUT 1 "clear_"
v0x55d2d2e9c810_0 .net "clear_", 0 0, v0x55d2d2e9eb60_0;  alias, 1 drivers
v0x55d2d2e9c8d0_0 .net "clock", 0 0, v0x55d2d2e9e8e0_0;  alias, 1 drivers
v0x55d2d2e9c990_0 .net "d", 0 0, L_0x55d2d2ea0a30;  1 drivers
v0x55d2d2e9ca60_0 .var "q", 0 0;
S_0x55d2d2e9cbb0 .scope generate, "abc[30]" "abc[30]" 2 9, 2 9 0, S_0x55d2d2e75060;
 .timescale 0 0;
P_0x55d2d2e9cda0 .param/l "i" 0 2 9, +C4<011110>;
S_0x55d2d2e9ce80 .scope module, "df" "d_ff" 2 10, 3 1 0, S_0x55d2d2e9cbb0;
 .timescale 0 0;
    .port_info 0 /OUTPUT 1 "q"
    .port_info 1 /INPUT 1 "d"
    .port_info 2 /INPUT 1 "clock"
    .port_info 3 /INPUT 1 "clear_"
v0x55d2d2e9d0c0_0 .net "clear_", 0 0, v0x55d2d2e9eb60_0;  alias, 1 drivers
v0x55d2d2e9d180_0 .net "clock", 0 0, v0x55d2d2e9e8e0_0;  alias, 1 drivers
v0x55d2d2e9d240_0 .net "d", 0 0, L_0x55d2d2ea0c00;  1 drivers
v0x55d2d2e9d310_0 .var "q", 0 0;
S_0x55d2d2e9d460 .scope generate, "abc[31]" "abc[31]" 2 9, 2 9 0, S_0x55d2d2e75060;
 .timescale 0 0;
P_0x55d2d2e9d650 .param/l "i" 0 2 9, +C4<011111>;
S_0x55d2d2e9d730 .scope module, "df" "d_ff" 2 10, 3 1 0, S_0x55d2d2e9d460;
 .timescale 0 0;
    .port_info 0 /OUTPUT 1 "q"
    .port_info 1 /INPUT 1 "d"
    .port_info 2 /INPUT 1 "clock"
    .port_info 3 /INPUT 1 "clear_"
v0x55d2d2e9d970_0 .net "clear_", 0 0, v0x55d2d2e9eb60_0;  alias, 1 drivers
v0x55d2d2e9da30_0 .net "clock", 0 0, v0x55d2d2e9e8e0_0;  alias, 1 drivers
v0x55d2d2e9daf0_0 .net "d", 0 0, L_0x55d2d2ea1800;  1 drivers
v0x55d2d2e9dbc0_0 .var "q", 0 0;
    .scope S_0x55d2d2e75360;
T_0 ;
    %wait E_0x55d2d2e39060;
    %load/vec4 v0x55d2d2e6e380_0;
    %nor/r;
    %flag_set/vec4 8;
    %jmp/0xz  T_0.0, 8;
    %pushi/vec4 0, 0, 1;
    %assign/vec4 v0x55d2d2e5c2c0_0, 0;
    %jmp T_0.1;
T_0.0 ;
    %load/vec4 v0x55d2d2e5cfe0_0;
    %assign/vec4 v0x55d2d2e5c2c0_0, 0;
T_0.1 ;
    %jmp T_0;
    .thread T_0;
    .scope S_0x55d2d2e8d530;
T_1 ;
    %wait E_0x55d2d2e39060;
    %load/vec4 v0x55d2d2e5b5a0_0;
    %nor/r;
    %flag_set/vec4 8;
    %jmp/0xz  T_1.0, 8;
    %pushi/vec4 0, 0, 1;
    %assign/vec4 v0x55d2d2e8d730_0, 0;
    %jmp T_1.1;
T_1.0 ;
    %load/vec4 v0x55d2d2e59990_0;
    %assign/vec4 v0x55d2d2e8d730_0, 0;
T_1.1 ;
    %jmp T_1;
    .thread T_1;
    .scope S_0x55d2d2e8da70;
T_2 ;
    %wait E_0x55d2d2e39060;
    %load/vec4 v0x55d2d2e8dc20_0;
    %nor/r;
    %flag_set/vec4 8;
    %jmp/0xz  T_2.0, 8;
    %pushi/vec4 0, 0, 1;
    %assign/vec4 v0x55d2d2e8dee0_0, 0;
    %jmp T_2.1;
T_2.0 ;
    %load/vec4 v0x55d2d2e8de40_0;
    %assign/vec4 v0x55d2d2e8dee0_0, 0;
T_2.1 ;
    %jmp T_2;
    .thread T_2;
    .scope S_0x55d2d2e8e2d0;
T_3 ;
    %wait E_0x55d2d2e39060;
    %load/vec4 v0x55d2d2e8e4a0_0;
    %nor/r;
    %flag_set/vec4 8;
    %jmp/0xz  T_3.0, 8;
    %pushi/vec4 0, 0, 1;
    %assign/vec4 v0x55d2d2e8e6f0_0, 0;
    %jmp T_3.1;
T_3.0 ;
    %load/vec4 v0x55d2d2e8e620_0;
    %assign/vec4 v0x55d2d2e8e6f0_0, 0;
T_3.1 ;
    %jmp T_3;
    .thread T_3;
    .scope S_0x55d2d2e8eb60;
T_4 ;
    %wait E_0x55d2d2e39060;
    %load/vec4 v0x55d2d2e8ed30_0;
    %nor/r;
    %flag_set/vec4 8;
    %jmp/0xz  T_4.0, 8;
    %pushi/vec4 0, 0, 1;
    %assign/vec4 v0x55d2d2e8ef50_0, 0;
    %jmp T_4.1;
T_4.0 ;
    %load/vec4 v0x55d2d2e8eeb0_0;
    %assign/vec4 v0x55d2d2e8ef50_0, 0;
T_4.1 ;
    %jmp T_4;
    .thread T_4;
    .scope S_0x55d2d2e8f2d0;
T_5 ;
    %wait E_0x55d2d2e39060;
    %load/vec4 v0x55d2d2e8f4a0_0;
    %nor/r;
    %flag_set/vec4 8;
    %jmp/0xz  T_5.0, 8;
    %pushi/vec4 0, 0, 1;
    %assign/vec4 v0x55d2d2e8f6f0_0, 0;
    %jmp T_5.1;
T_5.0 ;
    %load/vec4 v0x55d2d2e8f620_0;
    %assign/vec4 v0x55d2d2e8f6f0_0, 0;
T_5.1 ;
    %jmp T_5;
    .thread T_5;
    .scope S_0x55d2d2e8fb10;
T_6 ;
    %wait E_0x55d2d2e39060;
    %load/vec4 v0x55d2d2e8fce0_0;
    %nor/r;
    %flag_set/vec4 8;
    %jmp/0xz  T_6.0, 8;
    %pushi/vec4 0, 0, 1;
    %assign/vec4 v0x55d2d2e8ff30_0, 0;
    %jmp T_6.1;
T_6.0 ;
    %load/vec4 v0x55d2d2e8fe60_0;
    %assign/vec4 v0x55d2d2e8ff30_0, 0;
T_6.1 ;
    %jmp T_6;
    .thread T_6;
    .scope S_0x55d2d2e90350;
T_7 ;
    %wait E_0x55d2d2e39060;
    %load/vec4 v0x55d2d2e90590_0;
    %nor/r;
    %flag_set/vec4 8;
    %jmp/0xz  T_7.0, 8;
    %pushi/vec4 0, 0, 1;
    %assign/vec4 v0x55d2d2e907e0_0, 0;
    %jmp T_7.1;
T_7.0 ;
    %load/vec4 v0x55d2d2e90710_0;
    %assign/vec4 v0x55d2d2e907e0_0, 0;
T_7.1 ;
    %jmp T_7;
    .thread T_7;
    .scope S_0x55d2d2e90c40;
T_8 ;
    %wait E_0x55d2d2e39060;
    %load/vec4 v0x55d2d2e90e80_0;
    %nor/r;
    %flag_set/vec4 8;
    %jmp/0xz  T_8.0, 8;
    %pushi/vec4 0, 0, 1;
    %assign/vec4 v0x55d2d2e910d0_0, 0;
    %jmp T_8.1;
T_8.0 ;
    %load/vec4 v0x55d2d2e91000_0;
    %assign/vec4 v0x55d2d2e910d0_0, 0;
T_8.1 ;
    %jmp T_8;
    .thread T_8;
    .scope S_0x55d2d2e914f0;
T_9 ;
    %wait E_0x55d2d2e39060;
    %load/vec4 v0x55d2d2e91730_0;
    %nor/r;
    %flag_set/vec4 8;
    %jmp/0xz  T_9.0, 8;
    %pushi/vec4 0, 0, 1;
    %assign/vec4 v0x55d2d2e91980_0, 0;
    %jmp T_9.1;
T_9.0 ;
    %load/vec4 v0x55d2d2e918b0_0;
    %assign/vec4 v0x55d2d2e91980_0, 0;
T_9.1 ;
    %jmp T_9;
    .thread T_9;
    .scope S_0x55d2d2e91da0;
T_10 ;
    %wait E_0x55d2d2e39060;
    %load/vec4 v0x55d2d2e91fe0_0;
    %nor/r;
    %flag_set/vec4 8;
    %jmp/0xz  T_10.0, 8;
    %pushi/vec4 0, 0, 1;
    %assign/vec4 v0x55d2d2e92230_0, 0;
    %jmp T_10.1;
T_10.0 ;
    %load/vec4 v0x55d2d2e92160_0;
    %assign/vec4 v0x55d2d2e92230_0, 0;
T_10.1 ;
    %jmp T_10;
    .thread T_10;
    .scope S_0x55d2d2e92650;
T_11 ;
    %wait E_0x55d2d2e39060;
    %load/vec4 v0x55d2d2e92890_0;
    %nor/r;
    %flag_set/vec4 8;
    %jmp/0xz  T_11.0, 8;
    %pushi/vec4 0, 0, 1;
    %assign/vec4 v0x55d2d2e92ae0_0, 0;
    %jmp T_11.1;
T_11.0 ;
    %load/vec4 v0x55d2d2e92a10_0;
    %assign/vec4 v0x55d2d2e92ae0_0, 0;
T_11.1 ;
    %jmp T_11;
    .thread T_11;
    .scope S_0x55d2d2e92f00;
T_12 ;
    %wait E_0x55d2d2e39060;
    %load/vec4 v0x55d2d2e93140_0;
    %nor/r;
    %flag_set/vec4 8;
    %jmp/0xz  T_12.0, 8;
    %pushi/vec4 0, 0, 1;
    %assign/vec4 v0x55d2d2e93390_0, 0;
    %jmp T_12.1;
T_12.0 ;
    %load/vec4 v0x55d2d2e932c0_0;
    %assign/vec4 v0x55d2d2e93390_0, 0;
T_12.1 ;
    %jmp T_12;
    .thread T_12;
    .scope S_0x55d2d2e937b0;
T_13 ;
    %wait E_0x55d2d2e39060;
    %load/vec4 v0x55d2d2e939f0_0;
    %nor/r;
    %flag_set/vec4 8;
    %jmp/0xz  T_13.0, 8;
    %pushi/vec4 0, 0, 1;
    %assign/vec4 v0x55d2d2e93c40_0, 0;
    %jmp T_13.1;
T_13.0 ;
    %load/vec4 v0x55d2d2e93b70_0;
    %assign/vec4 v0x55d2d2e93c40_0, 0;
T_13.1 ;
    %jmp T_13;
    .thread T_13;
    .scope S_0x55d2d2e94060;
T_14 ;
    %wait E_0x55d2d2e39060;
    %load/vec4 v0x55d2d2e942a0_0;
    %nor/r;
    %flag_set/vec4 8;
    %jmp/0xz  T_14.0, 8;
    %pushi/vec4 0, 0, 1;
    %assign/vec4 v0x55d2d2e944f0_0, 0;
    %jmp T_14.1;
T_14.0 ;
    %load/vec4 v0x55d2d2e94420_0;
    %assign/vec4 v0x55d2d2e944f0_0, 0;
T_14.1 ;
    %jmp T_14;
    .thread T_14;
    .scope S_0x55d2d2e94910;
T_15 ;
    %wait E_0x55d2d2e39060;
    %load/vec4 v0x55d2d2e94b50_0;
    %nor/r;
    %flag_set/vec4 8;
    %jmp/0xz  T_15.0, 8;
    %pushi/vec4 0, 0, 1;
    %assign/vec4 v0x55d2d2e94da0_0, 0;
    %jmp T_15.1;
T_15.0 ;
    %load/vec4 v0x55d2d2e94cd0_0;
    %assign/vec4 v0x55d2d2e94da0_0, 0;
T_15.1 ;
    %jmp T_15;
    .thread T_15;
    .scope S_0x55d2d2e952d0;
T_16 ;
    %wait E_0x55d2d2e39060;
    %load/vec4 v0x55d2d2e95510_0;
    %nor/r;
    %flag_set/vec4 8;
    %jmp/0xz  T_16.0, 8;
    %pushi/vec4 0, 0, 1;
    %assign/vec4 v0x55d2d2e95970_0, 0;
    %jmp T_16.1;
T_16.0 ;
    %load/vec4 v0x55d2d2e958a0_0;
    %assign/vec4 v0x55d2d2e95970_0, 0;
T_16.1 ;
    %jmp T_16;
    .thread T_16;
    .scope S_0x55d2d2e95d90;
T_17 ;
    %wait E_0x55d2d2e39060;
    %load/vec4 v0x55d2d2e95fd0_0;
    %nor/r;
    %flag_set/vec4 8;
    %jmp/0xz  T_17.0, 8;
    %pushi/vec4 0, 0, 1;
    %assign/vec4 v0x55d2d2e96220_0, 0;
    %jmp T_17.1;
T_17.0 ;
    %load/vec4 v0x55d2d2e96150_0;
    %assign/vec4 v0x55d2d2e96220_0, 0;
T_17.1 ;
    %jmp T_17;
    .thread T_17;
    .scope S_0x55d2d2e96640;
T_18 ;
    %wait E_0x55d2d2e39060;
    %load/vec4 v0x55d2d2e96880_0;
    %nor/r;
    %flag_set/vec4 8;
    %jmp/0xz  T_18.0, 8;
    %pushi/vec4 0, 0, 1;
    %assign/vec4 v0x55d2d2e96ad0_0, 0;
    %jmp T_18.1;
T_18.0 ;
    %load/vec4 v0x55d2d2e96a00_0;
    %assign/vec4 v0x55d2d2e96ad0_0, 0;
T_18.1 ;
    %jmp T_18;
    .thread T_18;
    .scope S_0x55d2d2e96ef0;
T_19 ;
    %wait E_0x55d2d2e39060;
    %load/vec4 v0x55d2d2e97130_0;
    %nor/r;
    %flag_set/vec4 8;
    %jmp/0xz  T_19.0, 8;
    %pushi/vec4 0, 0, 1;
    %assign/vec4 v0x55d2d2e97380_0, 0;
    %jmp T_19.1;
T_19.0 ;
    %load/vec4 v0x55d2d2e972b0_0;
    %assign/vec4 v0x55d2d2e97380_0, 0;
T_19.1 ;
    %jmp T_19;
    .thread T_19;
    .scope S_0x55d2d2e977a0;
T_20 ;
    %wait E_0x55d2d2e39060;
    %load/vec4 v0x55d2d2e979e0_0;
    %nor/r;
    %flag_set/vec4 8;
    %jmp/0xz  T_20.0, 8;
    %pushi/vec4 0, 0, 1;
    %assign/vec4 v0x55d2d2e97c30_0, 0;
    %jmp T_20.1;
T_20.0 ;
    %load/vec4 v0x55d2d2e97b60_0;
    %assign/vec4 v0x55d2d2e97c30_0, 0;
T_20.1 ;
    %jmp T_20;
    .thread T_20;
    .scope S_0x55d2d2e98050;
T_21 ;
    %wait E_0x55d2d2e39060;
    %load/vec4 v0x55d2d2e98290_0;
    %nor/r;
    %flag_set/vec4 8;
    %jmp/0xz  T_21.0, 8;
    %pushi/vec4 0, 0, 1;
    %assign/vec4 v0x55d2d2e984e0_0, 0;
    %jmp T_21.1;
T_21.0 ;
    %load/vec4 v0x55d2d2e98410_0;
    %assign/vec4 v0x55d2d2e984e0_0, 0;
T_21.1 ;
    %jmp T_21;
    .thread T_21;
    .scope S_0x55d2d2e98900;
T_22 ;
    %wait E_0x55d2d2e39060;
    %load/vec4 v0x55d2d2e98b40_0;
    %nor/r;
    %flag_set/vec4 8;
    %jmp/0xz  T_22.0, 8;
    %pushi/vec4 0, 0, 1;
    %assign/vec4 v0x55d2d2e98d90_0, 0;
    %jmp T_22.1;
T_22.0 ;
    %load/vec4 v0x55d2d2e98cc0_0;
    %assign/vec4 v0x55d2d2e98d90_0, 0;
T_22.1 ;
    %jmp T_22;
    .thread T_22;
    .scope S_0x55d2d2e991b0;
T_23 ;
    %wait E_0x55d2d2e39060;
    %load/vec4 v0x55d2d2e993f0_0;
    %nor/r;
    %flag_set/vec4 8;
    %jmp/0xz  T_23.0, 8;
    %pushi/vec4 0, 0, 1;
    %assign/vec4 v0x55d2d2e99640_0, 0;
    %jmp T_23.1;
T_23.0 ;
    %load/vec4 v0x55d2d2e99570_0;
    %assign/vec4 v0x55d2d2e99640_0, 0;
T_23.1 ;
    %jmp T_23;
    .thread T_23;
    .scope S_0x55d2d2e99a60;
T_24 ;
    %wait E_0x55d2d2e39060;
    %load/vec4 v0x55d2d2e99ca0_0;
    %nor/r;
    %flag_set/vec4 8;
    %jmp/0xz  T_24.0, 8;
    %pushi/vec4 0, 0, 1;
    %assign/vec4 v0x55d2d2e99ef0_0, 0;
    %jmp T_24.1;
T_24.0 ;
    %load/vec4 v0x55d2d2e99e20_0;
    %assign/vec4 v0x55d2d2e99ef0_0, 0;
T_24.1 ;
    %jmp T_24;
    .thread T_24;
    .scope S_0x55d2d2e9a310;
T_25 ;
    %wait E_0x55d2d2e39060;
    %load/vec4 v0x55d2d2e9a550_0;
    %nor/r;
    %flag_set/vec4 8;
    %jmp/0xz  T_25.0, 8;
    %pushi/vec4 0, 0, 1;
    %assign/vec4 v0x55d2d2e9a7a0_0, 0;
    %jmp T_25.1;
T_25.0 ;
    %load/vec4 v0x55d2d2e9a6d0_0;
    %assign/vec4 v0x55d2d2e9a7a0_0, 0;
T_25.1 ;
    %jmp T_25;
    .thread T_25;
    .scope S_0x55d2d2e9abc0;
T_26 ;
    %wait E_0x55d2d2e39060;
    %load/vec4 v0x55d2d2e9ae00_0;
    %nor/r;
    %flag_set/vec4 8;
    %jmp/0xz  T_26.0, 8;
    %pushi/vec4 0, 0, 1;
    %assign/vec4 v0x55d2d2e9b050_0, 0;
    %jmp T_26.1;
T_26.0 ;
    %load/vec4 v0x55d2d2e9af80_0;
    %assign/vec4 v0x55d2d2e9b050_0, 0;
T_26.1 ;
    %jmp T_26;
    .thread T_26;
    .scope S_0x55d2d2e9b470;
T_27 ;
    %wait E_0x55d2d2e39060;
    %load/vec4 v0x55d2d2e9b6b0_0;
    %nor/r;
    %flag_set/vec4 8;
    %jmp/0xz  T_27.0, 8;
    %pushi/vec4 0, 0, 1;
    %assign/vec4 v0x55d2d2e9b900_0, 0;
    %jmp T_27.1;
T_27.0 ;
    %load/vec4 v0x55d2d2e9b830_0;
    %assign/vec4 v0x55d2d2e9b900_0, 0;
T_27.1 ;
    %jmp T_27;
    .thread T_27;
    .scope S_0x55d2d2e9bd20;
T_28 ;
    %wait E_0x55d2d2e39060;
    %load/vec4 v0x55d2d2e9bf60_0;
    %nor/r;
    %flag_set/vec4 8;
    %jmp/0xz  T_28.0, 8;
    %pushi/vec4 0, 0, 1;
    %assign/vec4 v0x55d2d2e9c1b0_0, 0;
    %jmp T_28.1;
T_28.0 ;
    %load/vec4 v0x55d2d2e9c0e0_0;
    %assign/vec4 v0x55d2d2e9c1b0_0, 0;
T_28.1 ;
    %jmp T_28;
    .thread T_28;
    .scope S_0x55d2d2e9c5d0;
T_29 ;
    %wait E_0x55d2d2e39060;
    %load/vec4 v0x55d2d2e9c810_0;
    %nor/r;
    %flag_set/vec4 8;
    %jmp/0xz  T_29.0, 8;
    %pushi/vec4 0, 0, 1;
    %assign/vec4 v0x55d2d2e9ca60_0, 0;
    %jmp T_29.1;
T_29.0 ;
    %load/vec4 v0x55d2d2e9c990_0;
    %assign/vec4 v0x55d2d2e9ca60_0, 0;
T_29.1 ;
    %jmp T_29;
    .thread T_29;
    .scope S_0x55d2d2e9ce80;
T_30 ;
    %wait E_0x55d2d2e39060;
    %load/vec4 v0x55d2d2e9d0c0_0;
    %nor/r;
    %flag_set/vec4 8;
    %jmp/0xz  T_30.0, 8;
    %pushi/vec4 0, 0, 1;
    %assign/vec4 v0x55d2d2e9d310_0, 0;
    %jmp T_30.1;
T_30.0 ;
    %load/vec4 v0x55d2d2e9d240_0;
    %assign/vec4 v0x55d2d2e9d310_0, 0;
T_30.1 ;
    %jmp T_30;
    .thread T_30;
    .scope S_0x55d2d2e9d730;
T_31 ;
    %wait E_0x55d2d2e39060;
    %load/vec4 v0x55d2d2e9d970_0;
    %nor/r;
    %flag_set/vec4 8;
    %jmp/0xz  T_31.0, 8;
    %pushi/vec4 0, 0, 1;
    %assign/vec4 v0x55d2d2e9dbc0_0, 0;
    %jmp T_31.1;
T_31.0 ;
    %load/vec4 v0x55d2d2e9daf0_0;
    %assign/vec4 v0x55d2d2e9dbc0_0, 0;
T_31.1 ;
    %jmp T_31;
    .thread T_31;
    .scope S_0x55d2d2e74ee0;
T_32 ;
    %wait E_0x55d2d2e38f50;
    %delay 10, 0;
    %load/vec4 v0x55d2d2e9e8e0_0;
    %inv;
    %assign/vec4 v0x55d2d2e9e8e0_0, 0;
    %jmp T_32;
    .thread T_32, $push;
    .scope S_0x55d2d2e74ee0;
T_33 ;
    %vpi_call 2 30 "$monitor", $time, "   q=%d\012", v0x55d2d2e9ea60_0, "d=%b\012", v0x55d2d2e9e9a0_0, "clk=%b", v0x55d2d2e9e8e0_0, "reset=%b\012", v0x55d2d2e9eb60_0 {0 0 0};
    %vpi_call 2 31 "$dumpfile", "testbench.vcd" {0 0 0};
    %vpi_call 2 32 "$dumpvars", 32'sb00000000000000000000000000000000, S_0x55d2d2e74ee0 {0 0 0};
    %pushi/vec4 1, 0, 1;
    %store/vec4 v0x55d2d2e9e8e0_0, 0, 1;
    %pushi/vec4 0, 0, 1;
    %store/vec4 v0x55d2d2e9eb60_0, 0, 1;
    %delay 20, 0;
    %pushi/vec4 1, 0, 1;
    %store/vec4 v0x55d2d2e9eb60_0, 0, 1;
    %delay 20, 0;
    %pushi/vec4 2947526575, 0, 32;
    %store/vec4 v0x55d2d2e9e9a0_0, 0, 32;
    %delay 100, 0;
    %pushi/vec4 0, 0, 1;
    %store/vec4 v0x55d2d2e9eb60_0, 0, 1;
    %delay 200, 0;
    %vpi_call 2 38 "$finish" {0 0 0};
    %end;
    .thread T_33;
# The file index is used to find the file name in the following table.
:file_names 4;
    "N/A";
    "<interactive>";
    "reg_32bit.v";
    "d_ff.v";
