#! /usr/bin/vvp
:ivl_version "10.1 (stable)";
:ivl_delay_selection "TYPICAL";
:vpi_time_precision + 0;
:vpi_module "system";
:vpi_module "vhdl_sys";
:vpi_module "v2005_math";
:vpi_module "va_math";
S_0x55e2b40d2360 .scope module, "Testing" "Testing" 2 35;
 .timescale 0 0;
v0x55e2b40f2ba0_0 .var "clk", 0 0;
v0x55e2b40f2c90_0 .var "d", 0 0;
v0x55e2b40f2d60_0 .net "q", 0 0, v0x55e2b40f2a30_0;  1 drivers
v0x55e2b40f2e60_0 .var "rst", 0 0;
E_0x55e2b40c9e60 .event edge, v0x55e2b40f2960_0, v0x55e2b40d28a0_0, v0x55e2b40f28a0_0, v0x55e2b40f2a30_0;
S_0x55e2b40d2660 .scope module, "dff1" "dff_seq_sync" 2 38, 2 2 0, S_0x55e2b40d2360;
 .timescale 0 0;
    .port_info 0 /INPUT 1 "d"
    .port_info 1 /INPUT 1 "clear_"
    .port_info 2 /INPUT 1 "clock"
    .port_info 3 /OUTPUT 1 "q"
v0x55e2b40d28a0_0 .net "clear_", 0 0, v0x55e2b40f2ba0_0;  1 drivers
v0x55e2b40f28a0_0 .net "clock", 0 0, v0x55e2b40f2e60_0;  1 drivers
v0x55e2b40f2960_0 .net "d", 0 0, v0x55e2b40f2c90_0;  1 drivers
v0x55e2b40f2a30_0 .var "q", 0 0;
E_0x55e2b40c9d30 .event posedge, v0x55e2b40f28a0_0;
S_0x55e2b40d24e0 .scope module, "dff_seq_async" "dff_seq_async" 2 20;
 .timescale 0 0;
    .port_info 0 /INPUT 1 "d"
    .port_info 1 /INPUT 1 "clear_"
    .port_info 2 /INPUT 1 "clock"
    .port_info 3 /OUTPUT 1 "q"
o0x7f7831737198 .functor BUFZ 1, C4<z>; HiZ drive
v0x55e2b40f2f50_0 .net "clear_", 0 0, o0x7f7831737198;  0 drivers
o0x7f78317371c8 .functor BUFZ 1, C4<z>; HiZ drive
v0x55e2b40f2ff0_0 .net "clock", 0 0, o0x7f78317371c8;  0 drivers
o0x7f78317371f8 .functor BUFZ 1, C4<z>; HiZ drive
v0x55e2b40f3090_0 .net "d", 0 0, o0x7f78317371f8;  0 drivers
v0x55e2b40f3160_0 .var "q", 0 0;
E_0x55e2b40c7800/0 .event negedge, v0x55e2b40f2f50_0;
E_0x55e2b40c7800/1 .event posedge, v0x55e2b40f2ff0_0;
E_0x55e2b40c7800 .event/or E_0x55e2b40c7800/0, E_0x55e2b40c7800/1;
    .scope S_0x55e2b40d2660;
T_0 ;
    %wait E_0x55e2b40c9d30;
    %load/vec4 v0x55e2b40d28a0_0;
    %nor/r;
    %flag_set/vec4 8;
    %jmp/0xz  T_0.0, 8;
    %pushi/vec4 0, 0, 1;
    %assign/vec4 v0x55e2b40f2a30_0, 0;
    %jmp T_0.1;
T_0.0 ;
    %load/vec4 v0x55e2b40f2960_0;
    %assign/vec4 v0x55e2b40f2a30_0, 0;
T_0.1 ;
    %jmp T_0;
    .thread T_0;
    .scope S_0x55e2b40d2360;
T_1 ;
    %wait E_0x55e2b40c9e60;
    %vpi_call 2 42 "$display", $time, " ", "d=%b, clk=%b, rst=%b, q=%b\012", v0x55e2b40f2c90_0, v0x55e2b40f2ba0_0, v0x55e2b40f2e60_0, v0x55e2b40f2d60_0 {0 0 0};
    %jmp T_1;
    .thread T_1, $push;
    .scope S_0x55e2b40d2360;
T_2 ;
T_2.0 ;
    %pushi/vec4 0, 0, 1;
    %store/vec4 v0x55e2b40f2ba0_0, 0, 1;
    %delay 5, 0;
    %pushi/vec4 1, 0, 1;
    %store/vec4 v0x55e2b40f2ba0_0, 0, 1;
    %delay 5, 0;
    %pushi/vec4 0, 0, 1;
    %store/vec4 v0x55e2b40f2ba0_0, 0, 1;
    %jmp T_2.0;
    %end;
    .thread T_2;
    .scope S_0x55e2b40d2360;
T_3 ;
    %vpi_call 2 56 "$dumpfile", "Testing.vcd" {0 0 0};
    %vpi_call 2 57 "$dumpvars", 32'sb00000000000000000000000000000000, S_0x55e2b40d2360 {0 0 0};
    %pushi/vec4 0, 0, 1;
    %store/vec4 v0x55e2b40f2c90_0, 0, 1;
    %pushi/vec4 1, 0, 1;
    %store/vec4 v0x55e2b40f2e60_0, 0, 1;
    %delay 4, 0;
    %pushi/vec4 1, 0, 1;
    %store/vec4 v0x55e2b40f2c90_0, 0, 1;
    %pushi/vec4 0, 0, 1;
    %store/vec4 v0x55e2b40f2e60_0, 0, 1;
    %delay 50, 0;
    %pushi/vec4 1, 0, 1;
    %store/vec4 v0x55e2b40f2c90_0, 0, 1;
    %pushi/vec4 1, 0, 1;
    %store/vec4 v0x55e2b40f2e60_0, 0, 1;
    %delay 20, 0;
    %pushi/vec4 0, 0, 1;
    %store/vec4 v0x55e2b40f2c90_0, 0, 1;
    %pushi/vec4 0, 0, 1;
    %store/vec4 v0x55e2b40f2e60_0, 0, 1;
    %delay 20, 0;
    %vpi_call 2 62 "$finish" {0 0 0};
    %end;
    .thread T_3;
    .scope S_0x55e2b40d24e0;
T_4 ;
    %wait E_0x55e2b40c7800;
    %load/vec4 v0x55e2b40f2f50_0;
    %nor/r;
    %flag_set/vec4 8;
    %jmp/0xz  T_4.0, 8;
    %pushi/vec4 0, 0, 1;
    %assign/vec4 v0x55e2b40f3160_0, 0;
    %jmp T_4.1;
T_4.0 ;
    %load/vec4 v0x55e2b40f3090_0;
    %assign/vec4 v0x55e2b40f3160_0, 0;
T_4.1 ;
    %jmp T_4;
    .thread T_4;
# The file index is used to find the file name in the following table.
:file_names 3;
    "N/A";
    "<interactive>";
    "dff_seq.v";
